2021-04-30 08:02:02  INFO com.shopapi.revature.controller.CustomerApplication:20 customer application portal started
2021-04-30 08:02:13  INFO com.shopapi.revature.controller.CustomerApplication:49 user login function stared
2021-04-30 16:42:13  INFO com.shopapi.revature.controller.CustomerApplication:23 customer application portal started
2021-04-30 16:42:16  INFO com.shopapi.revature.controller.CustomerApplication:51 user login function stared
2021-04-30 16:42:22  INFO com.shopapi.revature.dao.LoginDetailsDAOImpl:63 validate login invoked!
2021-04-30 16:42:23  INFO com.shopapi.revature.dao.LoginDetailsDAOImpl:67 successfully connected to data base
2021-04-30 16:42:23  INFO com.shopapi.revature.dao.LoginDetailsDAOImpl:90 validate login completed
2021-04-30 16:42:23  INFO com.shopapi.revature.controller.CustomerApplication:61 user login success
2021-04-30 16:42:23  INFO com.shopapi.revature.dao.CustomerDAOImpl:66 get customer by login id invoked
2021-04-30 16:42:23  INFO com.shopapi.revature.dao.CustomerDAOImpl:69 successfully connected to data base
2021-04-30 16:42:23  INFO com.shopapi.revature.dao.CustomerDAOImpl:87 get customer by login id completed
2021-04-30 16:42:51  INFO com.shopapi.revature.dao.CustomerDAOImpl:25 add customer information invoked
2021-04-30 16:42:51  INFO com.shopapi.revature.dao.CustomerDAOImpl:27 successfully connected to data base
2021-04-30 16:42:51  INFO com.shopapi.revature.dao.CustomerDAOImpl:42 add customer information failed completed
2021-04-30 16:42:51  INFO com.shopapi.revature.dao.CustomerDAOImpl:66 get customer by login id invoked
2021-04-30 16:42:51  INFO com.shopapi.revature.dao.CustomerDAOImpl:69 successfully connected to data base
2021-04-30 16:42:51  INFO com.shopapi.revature.dao.CustomerDAOImpl:87 get customer by login id completed
2021-04-30 16:42:51  INFO com.shopapi.revature.dao.CustomerDAOImpl:66 get customer by login id invoked
2021-04-30 16:42:51  INFO com.shopapi.revature.dao.CustomerDAOImpl:69 successfully connected to data base
2021-04-30 16:42:51  INFO com.shopapi.revature.dao.CustomerDAOImpl:87 get customer by login id completed
2021-04-30 16:43:07  INFO com.shopapi.revature.dao.ProductDAOImpl:32 list all products invoked
2021-04-30 16:43:07  INFO com.shopapi.revature.dao.ProductDAOImpl:35 successfully connected to data base
2021-04-30 16:43:07  INFO com.shopapi.revature.dao.ProductDAOImpl:52 list user completed
2021-04-30 16:44:49  INFO com.shopapi.revature.dao.OfferedMadeDAOImpl:25 add to offer table invoked
2021-04-30 16:44:49  INFO com.shopapi.revature.dao.OfferedMadeDAOImpl:27 successfully connected to data base
2021-04-30 16:44:49  DEBUG com.shopapi.revature.dao.OfferedMadeDAOImpl:38 add to offer table  failed
2021-04-30 16:46:26  INFO com.shopapi.revature.dao.OfferedMadeDAOImpl:25 add to offer table invoked
2021-04-30 16:46:26  INFO com.shopapi.revature.dao.OfferedMadeDAOImpl:27 successfully connected to data base
2021-04-30 16:46:26  DEBUG com.shopapi.revature.dao.OfferedMadeDAOImpl:38 add to offer table  failed
2021-04-30 16:58:04  INFO com.shopapi.revature.dao.OfferedMadeDAOImpl:25 add to offer table invoked
2021-04-30 16:58:04  INFO com.shopapi.revature.dao.OfferedMadeDAOImpl:27 successfully connected to data base
2021-04-30 16:58:04  INFO com.shopapi.revature.dao.OfferedMadeDAOImpl:42 add to offer table completed
2021-04-30 17:00:30  INFO com.shopapi.revature.dao.OfferedMadeDAOImpl:25 add to offer table invoked
2021-04-30 17:00:30  INFO com.shopapi.revature.dao.OfferedMadeDAOImpl:27 successfully connected to data base
2021-04-30 17:00:30  INFO com.shopapi.revature.dao.OfferedMadeDAOImpl:42 add to offer table completed
2021-04-30 17:01:27  INFO com.shopapi.revature.dao.OfferedMadeDAOImpl:25 add to offer table invoked
2021-04-30 17:01:27  INFO com.shopapi.revature.dao.OfferedMadeDAOImpl:27 successfully connected to data base
2021-04-30 17:01:27  INFO com.shopapi.revature.dao.OfferedMadeDAOImpl:42 add to offer table completed
2021-04-30 17:14:39  INFO com.shopapi.revature.controller.CustomerApplication:23 customer application portal started
2021-04-30 17:14:45  INFO com.shopapi.revature.controller.CustomerApplication:51 user login function stared
2021-04-30 17:15:00  INFO com.shopapi.revature.dao.LoginDetailsDAOImpl:63 validate login invoked!
2021-04-30 17:15:01  INFO com.shopapi.revature.dao.LoginDetailsDAOImpl:67 successfully connected to data base
2021-04-30 17:15:01  INFO com.shopapi.revature.dao.LoginDetailsDAOImpl:90 validate login completed
2021-04-30 17:15:01  INFO com.shopapi.revature.controller.CustomerApplication:61 user login success
2021-04-30 17:15:01  INFO com.shopapi.revature.dao.CustomerDAOImpl:66 get customer by login id invoked
2021-04-30 17:15:01  INFO com.shopapi.revature.dao.CustomerDAOImpl:69 successfully connected to data base
2021-04-30 17:15:01  INFO com.shopapi.revature.dao.CustomerDAOImpl:87 get customer by login id completed
2021-04-30 17:15:01  INFO com.shopapi.revature.dao.CustomerDAOImpl:66 get customer by login id invoked
2021-04-30 17:15:01  INFO com.shopapi.revature.dao.CustomerDAOImpl:69 successfully connected to data base
2021-04-30 17:15:01  INFO com.shopapi.revature.dao.CustomerDAOImpl:87 get customer by login id completed
2021-04-30 17:15:25  INFO com.shopapi.revature.dao.ProductDAOImpl:32 list all products invoked
2021-04-30 17:15:25  INFO com.shopapi.revature.dao.ProductDAOImpl:35 successfully connected to data base
2021-04-30 17:15:25  INFO com.shopapi.revature.dao.ProductDAOImpl:52 list user completed
2021-04-30 17:16:05  INFO com.shopapi.revature.dao.OfferedMadeDAOImpl:25 add to offer table invoked
2021-04-30 17:16:05  INFO com.shopapi.revature.dao.OfferedMadeDAOImpl:27 successfully connected to data base
2021-04-30 17:16:05  INFO com.shopapi.revature.dao.OfferedMadeDAOImpl:42 add to offer table completed
2021-04-30 17:27:34  INFO com.shopapi.revature.controller.CustomerApplication:51 user login function stared
2021-04-30 17:27:43  INFO com.shopapi.revature.dao.LoginDetailsDAOImpl:63 validate login invoked!
2021-04-30 17:27:43  INFO com.shopapi.revature.dao.LoginDetailsDAOImpl:67 successfully connected to data base
2021-04-30 17:27:43  INFO com.shopapi.revature.dao.LoginDetailsDAOImpl:90 validate login completed
2021-04-30 17:27:43  INFO com.shopapi.revature.controller.CustomerApplication:61 user login success
2021-04-30 17:27:43  INFO com.shopapi.revature.dao.CustomerDAOImpl:66 get customer by login id invoked
2021-04-30 17:27:43  INFO com.shopapi.revature.dao.CustomerDAOImpl:69 successfully connected to data base
2021-04-30 17:27:43  INFO com.shopapi.revature.dao.CustomerDAOImpl:87 get customer by login id completed
2021-04-30 17:27:43  INFO com.shopapi.revature.dao.CustomerDAOImpl:66 get customer by login id invoked
2021-04-30 17:27:43  INFO com.shopapi.revature.dao.CustomerDAOImpl:69 successfully connected to data base
2021-04-30 17:27:43  INFO com.shopapi.revature.dao.CustomerDAOImpl:87 get customer by login id completed
2021-04-30 17:27:47  INFO com.shopapi.revature.dao.ProductDAOImpl:32 list all products invoked
2021-04-30 17:27:47  INFO com.shopapi.revature.dao.ProductDAOImpl:35 successfully connected to data base
2021-04-30 17:27:47  INFO com.shopapi.revature.dao.ProductDAOImpl:52 list user completed
2021-04-30 21:10:43  INFO com.shopapi.revature.controller.EmployeeApplication:33 user login function stared
2021-04-30 21:10:51  INFO com.shopapi.revature.dao.LoginDetailsDAOImpl:63 validate login invoked!
2021-04-30 21:10:51  INFO com.shopapi.revature.dao.LoginDetailsDAOImpl:67 successfully connected to data base
2021-04-30 21:10:51  INFO com.shopapi.revature.dao.LoginDetailsDAOImpl:90 validate login completed
2021-04-30 21:11:01  INFO com.shopapi.revature.controller.EmployeeApplication:33 user login function stared
2021-04-30 21:11:16  INFO com.shopapi.revature.dao.LoginDetailsDAOImpl:63 validate login invoked!
2021-04-30 21:11:17  INFO com.shopapi.revature.dao.LoginDetailsDAOImpl:67 successfully connected to data base
2021-04-30 21:11:17  INFO com.shopapi.revature.dao.LoginDetailsDAOImpl:90 validate login completed
2021-04-30 21:13:03  INFO com.shopapi.revature.controller.EmployeeApplication:33 user login function stared
2021-04-30 21:13:11  INFO com.shopapi.revature.dao.LoginDetailsDAOImpl:63 validate login invoked!
2021-04-30 21:13:12  INFO com.shopapi.revature.dao.LoginDetailsDAOImpl:67 successfully connected to data base
2021-04-30 21:13:12  INFO com.shopapi.revature.dao.LoginDetailsDAOImpl:90 validate login completed
2021-04-30 21:13:17  INFO com.shopapi.revature.dao.ProductDAOImpl:46 list all products invoked
2021-04-30 21:13:17  INFO com.shopapi.revature.dao.ProductDAOImpl:49 successfully connected to data base
2021-04-30 21:13:17  INFO com.shopapi.revature.dao.ProductDAOImpl:66 list user completed
2021-04-30 21:13:23  INFO com.shopapi.revature.dao.ProductDAOImpl:46 list all products invoked
2021-04-30 21:13:23  INFO com.shopapi.revature.dao.ProductDAOImpl:49 successfully connected to data base
2021-04-30 21:13:23  INFO com.shopapi.revature.dao.ProductDAOImpl:66 list user completed
2021-04-30 21:15:29  INFO com.shopapi.revature.dao.ProductDAOImpl:26 add product to the list invoked
2021-04-30 21:15:29  INFO com.shopapi.revature.dao.ProductDAOImpl:28 successfully connected to data base
2021-04-30 21:15:29  DEBUG com.shopapi.revature.dao.ProductDAOImpl:36 add product to the list failed
2021-04-30 21:19:20  INFO com.shopapi.revature.dao.ProductDAOImpl:26 add product to the list invoked
2021-04-30 21:19:20  INFO com.shopapi.revature.dao.ProductDAOImpl:28 successfully connected to data base
2021-04-30 21:19:20  INFO com.shopapi.revature.dao.ProductDAOImpl:40 add product to the list completed
2021-04-30 21:21:43  INFO com.shopapi.revature.dao.ProductDAOImpl:26 add product to the list invoked
2021-04-30 21:21:43  INFO com.shopapi.revature.dao.ProductDAOImpl:28 successfully connected to data base
2021-04-30 21:21:43  INFO com.shopapi.revature.dao.ProductDAOImpl:40 add product to the list completed
2021-04-30 21:22:52  INFO com.shopapi.revature.controller.EmployeeApplication:33 user login function stared
2021-04-30 21:22:59  INFO com.shopapi.revature.dao.LoginDetailsDAOImpl:63 validate login invoked!
2021-04-30 21:22:59  INFO com.shopapi.revature.dao.LoginDetailsDAOImpl:67 successfully connected to data base
2021-04-30 21:22:59  INFO com.shopapi.revature.dao.LoginDetailsDAOImpl:90 validate login completed
2021-04-30 21:28:21  INFO com.shopapi.revature.dao.ProductDAOImpl:46 list all products invoked
2021-04-30 21:28:21  INFO com.shopapi.revature.dao.ProductDAOImpl:49 successfully connected to data base
2021-04-30 21:28:21  INFO com.shopapi.revature.dao.ProductDAOImpl:66 list user completed
2021-04-30 21:28:49  INFO com.shopapi.revature.dao.ProductDAOImpl:78 delete product from the list invoked
2021-04-30 21:28:49  INFO com.shopapi.revature.dao.ProductDAOImpl:80 successfully connected to data base
2021-04-30 21:28:49  DEBUG com.shopapi.revature.dao.ProductDAOImpl:85 delete product from the list failed
2021-04-30 21:34:27  INFO com.shopapi.revature.controller.EmployeeApplication:33 user login function stared
2021-04-30 21:34:35  INFO com.shopapi.revature.dao.LoginDetailsDAOImpl:63 validate login invoked!
2021-04-30 21:34:35  INFO com.shopapi.revature.dao.LoginDetailsDAOImpl:67 successfully connected to data base
2021-04-30 21:34:35  INFO com.shopapi.revature.dao.LoginDetailsDAOImpl:90 validate login completed
2021-04-30 21:41:14  INFO com.shopapi.revature.controller.EmployeeApplication:33 user login function stared
2021-04-30 21:41:28  INFO com.shopapi.revature.dao.LoginDetailsDAOImpl:63 validate login invoked!
2021-04-30 21:41:28  INFO com.shopapi.revature.dao.LoginDetailsDAOImpl:67 successfully connected to data base
2021-04-30 21:41:28  INFO com.shopapi.revature.dao.LoginDetailsDAOImpl:90 validate login completed
2021-04-30 21:42:04  INFO com.shopapi.revature.dao.ProductDAOImpl:46 list all products invoked
2021-04-30 21:42:04  INFO com.shopapi.revature.dao.ProductDAOImpl:49 successfully connected to data base
2021-04-30 21:42:04  INFO com.shopapi.revature.dao.ProductDAOImpl:66 list user completed
2021-04-30 21:42:22  INFO com.shopapi.revature.dao.ProductDAOImpl:78 delete product from the list invoked
2021-04-30 21:42:23  INFO com.shopapi.revature.dao.ProductDAOImpl:80 successfully connected to data base
2021-04-30 21:42:23  DEBUG com.shopapi.revature.dao.ProductDAOImpl:85 delete product from the list failed
2021-04-30 21:43:25  INFO com.shopapi.revature.controller.EmployeeApplication:33 user login function stared
2021-04-30 21:43:35  INFO com.shopapi.revature.dao.LoginDetailsDAOImpl:63 validate login invoked!
2021-04-30 21:43:35  INFO com.shopapi.revature.dao.LoginDetailsDAOImpl:67 successfully connected to data base
2021-04-30 21:43:35  INFO com.shopapi.revature.dao.LoginDetailsDAOImpl:90 validate login completed
2021-04-30 21:43:38  INFO com.shopapi.revature.dao.ProductDAOImpl:46 list all products invoked
2021-04-30 21:43:38  INFO com.shopapi.revature.dao.ProductDAOImpl:49 successfully connected to data base
2021-04-30 21:43:38  INFO com.shopapi.revature.dao.ProductDAOImpl:66 list user completed
2021-04-30 21:43:58  INFO com.shopapi.revature.dao.ProductDAOImpl:78 delete product from the list invoked
2021-04-30 21:43:58  INFO com.shopapi.revature.dao.ProductDAOImpl:80 successfully connected to data base
2021-04-30 21:43:58  INFO com.shopapi.revature.dao.ProductDAOImpl:89 delete product from the list completed
2021-04-30 21:44:05  INFO com.shopapi.revature.dao.ProductDAOImpl:46 list all products invoked
2021-04-30 21:44:05  INFO com.shopapi.revature.dao.ProductDAOImpl:49 successfully connected to data base
2021-04-30 21:44:05  INFO com.shopapi.revature.dao.ProductDAOImpl:66 list user completed
2021-04-30 21:47:34  INFO com.shopapi.revature.controller.EmployeeApplication:33 user login function stared
2021-04-30 21:47:42  INFO com.shopapi.revature.dao.LoginDetailsDAOImpl:63 validate login invoked!
2021-04-30 21:47:42  INFO com.shopapi.revature.dao.LoginDetailsDAOImpl:67 successfully connected to data base
2021-04-30 21:47:42  INFO com.shopapi.revature.dao.LoginDetailsDAOImpl:90 validate login completed
2021-04-30 21:55:59  INFO com.shopapi.revature.controller.EmployeeApplication:33 user login function stared
2021-04-30 21:56:05  INFO com.shopapi.revature.dao.LoginDetailsDAOImpl:63 validate login invoked!
2021-04-30 21:56:05  INFO com.shopapi.revature.dao.LoginDetailsDAOImpl:67 successfully connected to data base
2021-04-30 21:56:05  INFO com.shopapi.revature.dao.LoginDetailsDAOImpl:90 validate login completed
2021-04-30 21:59:33  INFO com.shopapi.revature.controller.EmployeeApplication:32 user login function stared
2021-04-30 21:59:40  INFO com.shopapi.revature.dao.LoginDetailsDAOImpl:63 validate login invoked!
2021-04-30 21:59:41  INFO com.shopapi.revature.dao.LoginDetailsDAOImpl:67 successfully connected to data base
2021-04-30 21:59:41  INFO com.shopapi.revature.dao.LoginDetailsDAOImpl:90 validate login completed
2021-04-30 22:05:48  INFO com.shopapi.revature.controller.EmployeeApplication:32 user login function stared
2021-04-30 22:06:00  INFO com.shopapi.revature.dao.LoginDetailsDAOImpl:63 validate login invoked!
2021-04-30 22:06:00  INFO com.shopapi.revature.dao.LoginDetailsDAOImpl:67 successfully connected to data base
2021-04-30 22:06:00  INFO com.shopapi.revature.dao.LoginDetailsDAOImpl:90 validate login completed
2021-04-30 22:06:55  INFO com.shopapi.revature.controller.EmployeeApplication:32 user login function stared
2021-04-30 22:07:03  INFO com.shopapi.revature.dao.LoginDetailsDAOImpl:63 validate login invoked!
2021-04-30 22:07:03  INFO com.shopapi.revature.dao.LoginDetailsDAOImpl:67 successfully connected to data base
2021-04-30 22:07:03  INFO com.shopapi.revature.dao.LoginDetailsDAOImpl:90 validate login completed
2021-04-30 22:08:05  INFO com.shopapi.revature.controller.EmployeeApplication:32 user login function stared
2021-04-30 22:08:14  INFO com.shopapi.revature.dao.LoginDetailsDAOImpl:63 validate login invoked!
2021-04-30 22:08:14  INFO com.shopapi.revature.dao.LoginDetailsDAOImpl:67 successfully connected to data base
2021-04-30 22:08:14  INFO com.shopapi.revature.dao.LoginDetailsDAOImpl:90 validate login completed
2021-04-30 22:09:30  INFO com.shopapi.revature.controller.EmployeeApplication:32 user login function stared
2021-04-30 22:09:37  INFO com.shopapi.revature.dao.LoginDetailsDAOImpl:63 validate login invoked!
2021-04-30 22:09:37  INFO com.shopapi.revature.dao.LoginDetailsDAOImpl:67 successfully connected to data base
2021-04-30 22:09:37  INFO com.shopapi.revature.dao.LoginDetailsDAOImpl:90 validate login completed
2021-04-30 22:10:36  INFO com.shopapi.revature.controller.EmployeeApplication:32 user login function stared
2021-04-30 22:10:42  INFO com.shopapi.revature.dao.LoginDetailsDAOImpl:63 validate login invoked!
2021-04-30 22:10:42  INFO com.shopapi.revature.dao.LoginDetailsDAOImpl:67 successfully connected to data base
2021-04-30 22:10:42  INFO com.shopapi.revature.dao.LoginDetailsDAOImpl:90 validate login completed
2021-04-30 22:23:42  INFO com.shopapi.revature.controller.EmployeeApplication:32 user login function stared
2021-04-30 22:23:49  INFO com.shopapi.revature.dao.LoginDetailsDAOImpl:63 validate login invoked!
2021-04-30 22:23:49  INFO com.shopapi.revature.dao.LoginDetailsDAOImpl:67 successfully connected to data base
2021-04-30 22:23:49  INFO com.shopapi.revature.dao.LoginDetailsDAOImpl:90 validate login completed
2021-04-30 22:24:23  INFO com.shopapi.revature.dao.ProductDAOImpl:26 add product to the list invoked
2021-04-30 22:24:23  INFO com.shopapi.revature.dao.ProductDAOImpl:28 successfully connected to data base
2021-04-30 22:24:23  INFO com.shopapi.revature.dao.ProductDAOImpl:40 add product to the list completed
2021-04-30 22:24:48  INFO com.shopapi.revature.controller.EmployeeApplication:32 user login function stared
2021-04-30 22:24:55  INFO com.shopapi.revature.dao.LoginDetailsDAOImpl:63 validate login invoked!
2021-04-30 22:24:55  INFO com.shopapi.revature.dao.LoginDetailsDAOImpl:67 successfully connected to data base
2021-04-30 22:24:55  INFO com.shopapi.revature.dao.LoginDetailsDAOImpl:90 validate login completed
2021-04-30 22:25:20  INFO com.shopapi.revature.dao.ProductDAOImpl:26 add product to the list invoked
2021-04-30 22:25:20  INFO com.shopapi.revature.dao.ProductDAOImpl:28 successfully connected to data base
2021-04-30 22:25:20  INFO com.shopapi.revature.dao.ProductDAOImpl:40 add product to the list completed
2021-04-30 22:25:34  INFO com.shopapi.revature.dao.ProductDAOImpl:46 list all products invoked
2021-04-30 22:25:34  INFO com.shopapi.revature.dao.ProductDAOImpl:49 successfully connected to data base
2021-04-30 22:25:34  INFO com.shopapi.revature.dao.ProductDAOImpl:66 list user completed
2021-04-30 22:25:56  INFO com.shopapi.revature.dao.ProductDAOImpl:78 delete product from the list invoked
2021-04-30 22:25:56  INFO com.shopapi.revature.dao.ProductDAOImpl:80 successfully connected to data base
2021-04-30 22:25:56  INFO com.shopapi.revature.dao.ProductDAOImpl:89 delete product from the list completed
2021-04-30 22:26:10  INFO com.shopapi.revature.dao.ProductDAOImpl:46 list all products invoked
2021-04-30 22:26:10  INFO com.shopapi.revature.dao.ProductDAOImpl:49 successfully connected to data base
2021-04-30 22:26:10  INFO com.shopapi.revature.dao.ProductDAOImpl:66 list user completed
2021-04-30 22:26:35  INFO com.shopapi.revature.dao.ProductDAOImpl:46 list all products invoked
2021-04-30 22:26:35  INFO com.shopapi.revature.dao.ProductDAOImpl:49 successfully connected to data base
2021-04-30 22:26:35  INFO com.shopapi.revature.dao.ProductDAOImpl:66 list user completed
2021-04-30 22:27:00  INFO com.shopapi.revature.dao.ProductDAOImpl:46 list all products invoked
2021-04-30 22:27:00  INFO com.shopapi.revature.dao.ProductDAOImpl:49 successfully connected to data base
2021-04-30 22:27:00  INFO com.shopapi.revature.dao.ProductDAOImpl:66 list user completed
2021-04-30 22:27:06  INFO com.shopapi.revature.dao.ProductDAOImpl:78 delete product from the list invoked
2021-04-30 22:27:06  INFO com.shopapi.revature.dao.ProductDAOImpl:80 successfully connected to data base
2021-04-30 22:27:06  INFO com.shopapi.revature.dao.ProductDAOImpl:89 delete product from the list completed
2021-04-30 22:27:37  INFO com.shopapi.revature.dao.OfferedMadeDAOImpl:53 list all offer made invoked
2021-04-30 22:27:37  INFO com.shopapi.revature.dao.OfferedMadeDAOImpl:60 successfully connected to data base
2021-04-30 22:27:37  INFO com.shopapi.revature.dao.OfferedMadeDAOImpl:83 list all offer made completed
2021-05-01 08:28:10  INFO com.shopapi.revature.controller.CustomerApplication:23 customer application portal started
2021-05-01 08:28:15  INFO com.shopapi.revature.controller.CustomerApplication:51 user login function stared
2021-05-01 08:28:23  INFO com.shopapi.revature.dao.LoginDetailsDAOImpl:63 validate login invoked!
2021-05-01 08:28:23  INFO com.shopapi.revature.dao.LoginDetailsDAOImpl:67 successfully connected to data base
2021-05-01 08:28:23  INFO com.shopapi.revature.dao.LoginDetailsDAOImpl:90 validate login completed
2021-05-01 08:28:23  INFO com.shopapi.revature.controller.CustomerApplication:61 user login success
2021-05-01 08:28:23  INFO com.shopapi.revature.dao.CustomerDAOImpl:65 get customer by login id invoked
2021-05-01 08:28:23  INFO com.shopapi.revature.dao.CustomerDAOImpl:68 successfully connected to data base
2021-05-01 08:28:23  INFO com.shopapi.revature.dao.CustomerDAOImpl:86 get customer by login id completed
2021-05-01 08:28:23  INFO com.shopapi.revature.dao.CustomerDAOImpl:65 get customer by login id invoked
2021-05-01 08:28:23  INFO com.shopapi.revature.dao.CustomerDAOImpl:68 successfully connected to data base
2021-05-01 08:28:23  INFO com.shopapi.revature.dao.CustomerDAOImpl:86 get customer by login id completed
2021-05-01 08:28:26  INFO com.shopapi.revature.dao.ProductDAOImpl:46 list all products invoked
2021-05-01 08:28:26  INFO com.shopapi.revature.dao.ProductDAOImpl:49 successfully connected to data base
2021-05-01 08:28:26  INFO com.shopapi.revature.dao.ProductDAOImpl:66 list user completed
2021-05-01 08:29:03  INFO com.shopapi.revature.dao.ProductDAOImpl:46 list all products invoked
2021-05-01 08:29:03  INFO com.shopapi.revature.dao.ProductDAOImpl:49 successfully connected to data base
2021-05-01 08:29:03  INFO com.shopapi.revature.dao.ProductDAOImpl:66 list user completed
2021-05-01 08:29:52  INFO com.shopapi.revature.dao.OfferedMadeDAOImpl:30 add to offer table invoked
2021-05-01 08:29:52  INFO com.shopapi.revature.dao.OfferedMadeDAOImpl:32 successfully connected to data base
2021-05-01 08:29:52  INFO com.shopapi.revature.dao.OfferedMadeDAOImpl:47 add to offer table completed
2021-05-01 08:42:34  INFO com.shopapi.revature.dao.ProductDAOImpl:46 list all products invoked
2021-05-01 08:42:34  INFO com.shopapi.revature.dao.ProductDAOImpl:49 successfully connected to data base
2021-05-01 08:42:34  INFO com.shopapi.revature.dao.ProductDAOImpl:66 list user completed
2021-05-01 08:44:23  INFO com.shopapi.revature.dao.ProductDAOImpl:46 list all products invoked
2021-05-01 08:44:23  INFO com.shopapi.revature.dao.ProductDAOImpl:49 successfully connected to data base
2021-05-01 08:44:23  INFO com.shopapi.revature.dao.ProductDAOImpl:66 list user completed
2021-05-01 08:47:00  INFO com.shopapi.revature.dao.ProductDAOImpl:46 list all products invoked
2021-05-01 08:47:00  INFO com.shopapi.revature.dao.ProductDAOImpl:49 successfully connected to data base
2021-05-01 08:47:00  INFO com.shopapi.revature.dao.ProductDAOImpl:66 list user completed
2021-05-01 08:49:53  INFO com.shopapi.revature.controller.CustomerApplication:23 customer application portal started
2021-05-01 08:49:58  INFO com.shopapi.revature.controller.CustomerApplication:51 user login function stared
2021-05-01 08:50:03  INFO com.shopapi.revature.dao.LoginDetailsDAOImpl:63 validate login invoked!
2021-05-01 08:50:03  INFO com.shopapi.revature.dao.LoginDetailsDAOImpl:67 successfully connected to data base
2021-05-01 08:50:03  INFO com.shopapi.revature.dao.LoginDetailsDAOImpl:90 validate login completed
2021-05-01 08:50:03  INFO com.shopapi.revature.controller.CustomerApplication:61 user login success
2021-05-01 08:50:03  INFO com.shopapi.revature.dao.CustomerDAOImpl:65 get customer by login id invoked
2021-05-01 08:50:03  INFO com.shopapi.revature.dao.CustomerDAOImpl:68 successfully connected to data base
2021-05-01 08:50:03  INFO com.shopapi.revature.dao.CustomerDAOImpl:86 get customer by login id completed
2021-05-01 08:50:03  INFO com.shopapi.revature.dao.CustomerDAOImpl:65 get customer by login id invoked
2021-05-01 08:50:03  INFO com.shopapi.revature.dao.CustomerDAOImpl:68 successfully connected to data base
2021-05-01 08:50:03  INFO com.shopapi.revature.dao.CustomerDAOImpl:86 get customer by login id completed
2021-05-01 08:50:34  INFO com.shopapi.revature.dao.ProductDAOImpl:46 list all products invoked
2021-05-01 08:50:34  INFO com.shopapi.revature.dao.ProductDAOImpl:49 successfully connected to data base
2021-05-01 08:50:34  INFO com.shopapi.revature.dao.ProductDAOImpl:66 list user completed
2021-05-01 08:50:45  INFO com.shopapi.revature.dao.ProductDAOImpl:46 list all products invoked
2021-05-01 08:50:45  INFO com.shopapi.revature.dao.ProductDAOImpl:49 successfully connected to data base
2021-05-01 08:50:45  INFO com.shopapi.revature.dao.ProductDAOImpl:66 list user completed
2021-05-01 08:53:16  INFO com.shopapi.revature.controller.CustomerApplication:23 customer application portal started
2021-05-01 08:53:18  INFO com.shopapi.revature.controller.CustomerApplication:51 user login function stared
2021-05-01 08:53:28  INFO com.shopapi.revature.dao.LoginDetailsDAOImpl:63 validate login invoked!
2021-05-01 08:53:28  INFO com.shopapi.revature.dao.LoginDetailsDAOImpl:67 successfully connected to data base
2021-05-01 08:53:28  INFO com.shopapi.revature.dao.LoginDetailsDAOImpl:90 validate login completed
2021-05-01 08:53:28  INFO com.shopapi.revature.controller.CustomerApplication:61 user login success
2021-05-01 08:53:28  INFO com.shopapi.revature.dao.CustomerDAOImpl:65 get customer by login id invoked
2021-05-01 08:53:28  INFO com.shopapi.revature.dao.CustomerDAOImpl:68 successfully connected to data base
2021-05-01 08:53:28  INFO com.shopapi.revature.dao.CustomerDAOImpl:86 get customer by login id completed
2021-05-01 08:53:28  INFO com.shopapi.revature.dao.CustomerDAOImpl:65 get customer by login id invoked
2021-05-01 08:53:28  INFO com.shopapi.revature.dao.CustomerDAOImpl:68 successfully connected to data base
2021-05-01 08:53:28  INFO com.shopapi.revature.dao.CustomerDAOImpl:86 get customer by login id completed
2021-05-01 08:53:31  INFO com.shopapi.revature.dao.ProductDAOImpl:46 list all products invoked
2021-05-01 08:53:31  INFO com.shopapi.revature.dao.ProductDAOImpl:49 successfully connected to data base
2021-05-01 08:53:31  INFO com.shopapi.revature.dao.ProductDAOImpl:66 list user completed
2021-05-01 08:55:24  INFO com.shopapi.revature.controller.CustomerApplication:23 customer application portal started
2021-05-01 08:55:26  INFO com.shopapi.revature.controller.CustomerApplication:51 user login function stared
2021-05-01 08:55:33  INFO com.shopapi.revature.dao.LoginDetailsDAOImpl:63 validate login invoked!
2021-05-01 08:55:33  INFO com.shopapi.revature.dao.LoginDetailsDAOImpl:67 successfully connected to data base
2021-05-01 08:55:33  INFO com.shopapi.revature.dao.LoginDetailsDAOImpl:90 validate login completed
2021-05-01 08:55:33  INFO com.shopapi.revature.controller.CustomerApplication:61 user login success
2021-05-01 08:55:33  INFO com.shopapi.revature.dao.CustomerDAOImpl:65 get customer by login id invoked
2021-05-01 08:55:33  INFO com.shopapi.revature.dao.CustomerDAOImpl:68 successfully connected to data base
2021-05-01 08:55:33  INFO com.shopapi.revature.dao.CustomerDAOImpl:86 get customer by login id completed
2021-05-01 08:55:33  INFO com.shopapi.revature.dao.CustomerDAOImpl:65 get customer by login id invoked
2021-05-01 08:55:33  INFO com.shopapi.revature.dao.CustomerDAOImpl:68 successfully connected to data base
2021-05-01 08:55:33  INFO com.shopapi.revature.dao.CustomerDAOImpl:86 get customer by login id completed
2021-05-01 08:55:36  INFO com.shopapi.revature.dao.ProductDAOImpl:46 list all products invoked
2021-05-01 08:55:36  INFO com.shopapi.revature.dao.ProductDAOImpl:49 successfully connected to data base
2021-05-01 08:55:36  INFO com.shopapi.revature.dao.ProductDAOImpl:66 list user completed
2021-05-01 09:01:26  INFO com.shopapi.revature.controller.CustomerApplication:23 customer application portal started
2021-05-01 09:01:29  INFO com.shopapi.revature.controller.CustomerApplication:51 user login function stared
2021-05-01 09:01:38  INFO com.shopapi.revature.dao.LoginDetailsDAOImpl:63 validate login invoked!
2021-05-01 09:01:38  INFO com.shopapi.revature.dao.LoginDetailsDAOImpl:67 successfully connected to data base
2021-05-01 09:01:38  INFO com.shopapi.revature.dao.LoginDetailsDAOImpl:90 validate login completed
2021-05-01 09:01:38  INFO com.shopapi.revature.controller.CustomerApplication:61 user login success
2021-05-01 09:01:38  INFO com.shopapi.revature.dao.CustomerDAOImpl:65 get customer by login id invoked
2021-05-01 09:01:38  INFO com.shopapi.revature.dao.CustomerDAOImpl:68 successfully connected to data base
2021-05-01 09:01:38  INFO com.shopapi.revature.dao.CustomerDAOImpl:86 get customer by login id completed
2021-05-01 09:01:38  INFO com.shopapi.revature.dao.CustomerDAOImpl:65 get customer by login id invoked
2021-05-01 09:01:38  INFO com.shopapi.revature.dao.CustomerDAOImpl:68 successfully connected to data base
2021-05-01 09:01:38  INFO com.shopapi.revature.dao.CustomerDAOImpl:86 get customer by login id completed
2021-05-01 09:01:40  INFO com.shopapi.revature.dao.ProductDAOImpl:46 list all products invoked
2021-05-01 09:01:41  INFO com.shopapi.revature.dao.ProductDAOImpl:49 successfully connected to data base
2021-05-01 09:01:41  INFO com.shopapi.revature.dao.ProductDAOImpl:66 list user completed
2021-05-01 09:01:44  INFO com.shopapi.revature.dao.ProductDAOImpl:46 list all products invoked
2021-05-01 09:01:44  INFO com.shopapi.revature.dao.ProductDAOImpl:49 successfully connected to data base
2021-05-01 09:01:44  INFO com.shopapi.revature.dao.ProductDAOImpl:66 list user completed
2021-05-01 09:08:17  INFO com.shopapi.revature.controller.CustomerApplication:23 customer application portal started
2021-05-01 09:08:19  INFO com.shopapi.revature.controller.CustomerApplication:51 user login function stared
2021-05-01 09:08:25  INFO com.shopapi.revature.dao.LoginDetailsDAOImpl:63 validate login invoked!
2021-05-01 09:08:25  INFO com.shopapi.revature.dao.LoginDetailsDAOImpl:67 successfully connected to data base
2021-05-01 09:08:25  INFO com.shopapi.revature.dao.LoginDetailsDAOImpl:90 validate login completed
2021-05-01 09:08:25  INFO com.shopapi.revature.controller.CustomerApplication:61 user login success
2021-05-01 09:08:25  INFO com.shopapi.revature.dao.CustomerDAOImpl:65 get customer by login id invoked
2021-05-01 09:08:25  INFO com.shopapi.revature.dao.CustomerDAOImpl:68 successfully connected to data base
2021-05-01 09:08:25  INFO com.shopapi.revature.dao.CustomerDAOImpl:86 get customer by login id completed
2021-05-01 09:08:25  INFO com.shopapi.revature.dao.CustomerDAOImpl:65 get customer by login id invoked
2021-05-01 09:08:25  INFO com.shopapi.revature.dao.CustomerDAOImpl:68 successfully connected to data base
2021-05-01 09:08:25  INFO com.shopapi.revature.dao.CustomerDAOImpl:86 get customer by login id completed
2021-05-01 09:08:27  INFO com.shopapi.revature.dao.ProductDAOImpl:46 list all products invoked
2021-05-01 09:08:27  INFO com.shopapi.revature.dao.ProductDAOImpl:49 successfully connected to data base
2021-05-01 09:08:27  INFO com.shopapi.revature.dao.ProductDAOImpl:66 list user completed
2021-05-01 09:15:01  INFO com.shopapi.revature.controller.CustomerApplication:178 user login function failed
2021-05-01 09:15:01  INFO com.shopapi.revature.controller.CustomerApplication:179 user login function failed
2021-05-01 09:15:01  INFO com.shopapi.revature.controller.CustomerApplication:179 user login function failed
2021-05-01 09:15:01  INFO com.shopapi.revature.controller.CustomerApplication:180 user login function failed
2021-05-01 09:15:01  INFO com.shopapi.revature.controller.CustomerApplication:180 user login function failed
2021-05-01 09:15:01  INFO com.shopapi.revature.controller.CustomerApplication:182 user login function failed
2021-05-01 09:18:53  INFO com.shopapi.revature.controller.CustomerApplication:23 customer application portal started
2021-05-01 09:18:59  INFO com.shopapi.revature.controller.CustomerApplication:51 user login function stared
2021-05-01 09:19:05  INFO com.shopapi.revature.dao.LoginDetailsDAOImpl:63 validate login invoked!
2021-05-01 09:19:05  INFO com.shopapi.revature.dao.LoginDetailsDAOImpl:67 successfully connected to data base
2021-05-01 09:19:05  INFO com.shopapi.revature.dao.LoginDetailsDAOImpl:90 validate login completed
2021-05-01 09:19:05  INFO com.shopapi.revature.controller.CustomerApplication:61 user login success
2021-05-01 09:19:05  INFO com.shopapi.revature.dao.CustomerDAOImpl:65 get customer by login id invoked
2021-05-01 09:19:05  INFO com.shopapi.revature.dao.CustomerDAOImpl:68 successfully connected to data base
2021-05-01 09:19:05  INFO com.shopapi.revature.dao.CustomerDAOImpl:86 get customer by login id completed
2021-05-01 09:19:05  INFO com.shopapi.revature.dao.CustomerDAOImpl:65 get customer by login id invoked
2021-05-01 09:19:05  INFO com.shopapi.revature.dao.CustomerDAOImpl:68 successfully connected to data base
2021-05-01 09:19:05  INFO com.shopapi.revature.dao.CustomerDAOImpl:86 get customer by login id completed
2021-05-01 09:19:08  INFO com.shopapi.revature.dao.ProductDAOImpl:46 list all products invoked
2021-05-01 09:19:08  INFO com.shopapi.revature.dao.ProductDAOImpl:49 successfully connected to data base
2021-05-01 09:19:08  INFO com.shopapi.revature.dao.ProductDAOImpl:66 list user completed
2021-05-01 09:20:00  INFO com.shopapi.revature.dao.OfferedMadeDAOImpl:30 add to offer table invoked
2021-05-01 09:20:00  INFO com.shopapi.revature.dao.OfferedMadeDAOImpl:32 successfully connected to data base
2021-05-01 09:20:00  INFO com.shopapi.revature.dao.OfferedMadeDAOImpl:47 add to offer table completed
2021-05-01 09:20:02  INFO com.shopapi.revature.dao.ProductDAOImpl:46 list all products invoked
2021-05-01 09:20:02  INFO com.shopapi.revature.dao.ProductDAOImpl:49 successfully connected to data base
2021-05-01 09:20:02  INFO com.shopapi.revature.dao.ProductDAOImpl:66 list user completed
2021-05-01 09:21:44  INFO com.shopapi.revature.controller.CustomerApplication:182 user login function failed
2021-05-01 09:21:55  INFO com.shopapi.revature.controller.CustomerApplication:23 customer application portal started
2021-05-01 09:21:58  INFO com.shopapi.revature.controller.CustomerApplication:51 user login function stared
2021-05-01 09:22:04  INFO com.shopapi.revature.dao.LoginDetailsDAOImpl:63 validate login invoked!
2021-05-01 09:22:04  INFO com.shopapi.revature.dao.LoginDetailsDAOImpl:67 successfully connected to data base
2021-05-01 09:22:04  INFO com.shopapi.revature.dao.LoginDetailsDAOImpl:90 validate login completed
2021-05-01 09:22:04  INFO com.shopapi.revature.controller.CustomerApplication:61 user login success
2021-05-01 09:22:04  INFO com.shopapi.revature.dao.CustomerDAOImpl:65 get customer by login id invoked
2021-05-01 09:22:04  INFO com.shopapi.revature.dao.CustomerDAOImpl:68 successfully connected to data base
2021-05-01 09:22:04  INFO com.shopapi.revature.dao.CustomerDAOImpl:86 get customer by login id completed
2021-05-01 09:22:04  INFO com.shopapi.revature.dao.CustomerDAOImpl:65 get customer by login id invoked
2021-05-01 09:22:04  INFO com.shopapi.revature.dao.CustomerDAOImpl:68 successfully connected to data base
2021-05-01 09:22:04  INFO com.shopapi.revature.dao.CustomerDAOImpl:86 get customer by login id completed
2021-05-01 09:22:06  INFO com.shopapi.revature.dao.ProductDAOImpl:46 list all products invoked
2021-05-01 09:22:06  INFO com.shopapi.revature.dao.ProductDAOImpl:49 successfully connected to data base
2021-05-01 09:22:06  INFO com.shopapi.revature.dao.ProductDAOImpl:66 list user completed
2021-05-01 09:22:59  INFO com.shopapi.revature.dao.OfferedMadeDAOImpl:30 add to offer table invoked
2021-05-01 09:22:59  INFO com.shopapi.revature.dao.OfferedMadeDAOImpl:32 successfully connected to data base
2021-05-01 09:22:59  INFO com.shopapi.revature.dao.OfferedMadeDAOImpl:47 add to offer table completed
2021-05-01 09:23:00  INFO com.shopapi.revature.dao.ProductDAOImpl:46 list all products invoked
2021-05-01 09:23:00  INFO com.shopapi.revature.dao.ProductDAOImpl:49 successfully connected to data base
2021-05-01 09:23:00  INFO com.shopapi.revature.dao.ProductDAOImpl:66 list user completed
2021-05-01 09:23:23  INFO com.shopapi.revature.dao.OfferedMadeDAOImpl:30 add to offer table invoked
2021-05-01 09:23:24  INFO com.shopapi.revature.dao.OfferedMadeDAOImpl:32 successfully connected to data base
2021-05-01 09:23:24  INFO com.shopapi.revature.dao.OfferedMadeDAOImpl:47 add to offer table completed
2021-05-01 09:23:25  INFO com.shopapi.revature.dao.ProductDAOImpl:46 list all products invoked
2021-05-01 09:23:25  INFO com.shopapi.revature.dao.ProductDAOImpl:49 successfully connected to data base
2021-05-01 09:23:25  INFO com.shopapi.revature.dao.ProductDAOImpl:66 list user completed
2021-05-01 09:23:30  INFO com.shopapi.revature.controller.CustomerApplication:183 user login function failed
2021-05-01 09:28:16  INFO com.shopapi.revature.controller.CustomerApplication:23 customer application portal started
2021-05-01 09:28:18  INFO com.shopapi.revature.controller.CustomerApplication:51 user login function stared
2021-05-01 09:28:25  INFO com.shopapi.revature.dao.LoginDetailsDAOImpl:63 validate login invoked!
2021-05-01 09:28:25  INFO com.shopapi.revature.dao.LoginDetailsDAOImpl:67 successfully connected to data base
2021-05-01 09:28:25  INFO com.shopapi.revature.dao.LoginDetailsDAOImpl:90 validate login completed
2021-05-01 09:28:25  INFO com.shopapi.revature.controller.CustomerApplication:61 user login success
2021-05-01 09:28:25  INFO com.shopapi.revature.dao.CustomerDAOImpl:65 get customer by login id invoked
2021-05-01 09:28:25  INFO com.shopapi.revature.dao.CustomerDAOImpl:68 successfully connected to data base
2021-05-01 09:28:25  INFO com.shopapi.revature.dao.CustomerDAOImpl:86 get customer by login id completed
2021-05-01 09:28:25  INFO com.shopapi.revature.dao.CustomerDAOImpl:65 get customer by login id invoked
2021-05-01 09:28:25  INFO com.shopapi.revature.dao.CustomerDAOImpl:68 successfully connected to data base
2021-05-01 09:28:25  INFO com.shopapi.revature.dao.CustomerDAOImpl:86 get customer by login id completed
2021-05-01 09:28:27  INFO com.shopapi.revature.dao.ProductDAOImpl:46 list all products invoked
2021-05-01 09:28:27  INFO com.shopapi.revature.dao.ProductDAOImpl:49 successfully connected to data base
2021-05-01 09:28:27  INFO com.shopapi.revature.dao.ProductDAOImpl:66 list user completed
2021-05-01 09:28:33  INFO com.shopapi.revature.controller.CustomerApplication:182 user login function failed
2021-05-01 09:30:08  INFO com.shopapi.revature.controller.CustomerApplication:23 customer application portal started
2021-05-01 09:30:10  INFO com.shopapi.revature.controller.CustomerApplication:51 user login function stared
2021-05-01 09:30:18  INFO com.shopapi.revature.dao.LoginDetailsDAOImpl:63 validate login invoked!
2021-05-01 09:30:18  INFO com.shopapi.revature.dao.LoginDetailsDAOImpl:67 successfully connected to data base
2021-05-01 09:30:19  INFO com.shopapi.revature.dao.LoginDetailsDAOImpl:90 validate login completed
2021-05-01 09:30:19  INFO com.shopapi.revature.controller.CustomerApplication:61 user login success
2021-05-01 09:30:19  INFO com.shopapi.revature.dao.CustomerDAOImpl:65 get customer by login id invoked
2021-05-01 09:30:19  INFO com.shopapi.revature.dao.CustomerDAOImpl:68 successfully connected to data base
2021-05-01 09:30:19  INFO com.shopapi.revature.dao.CustomerDAOImpl:86 get customer by login id completed
2021-05-01 09:30:19  INFO com.shopapi.revature.dao.CustomerDAOImpl:65 get customer by login id invoked
2021-05-01 09:30:19  INFO com.shopapi.revature.dao.CustomerDAOImpl:68 successfully connected to data base
2021-05-01 09:30:19  INFO com.shopapi.revature.dao.CustomerDAOImpl:86 get customer by login id completed
2021-05-01 09:30:21  INFO com.shopapi.revature.dao.ProductDAOImpl:46 list all products invoked
2021-05-01 09:30:21  INFO com.shopapi.revature.dao.ProductDAOImpl:49 successfully connected to data base
2021-05-01 09:30:21  INFO com.shopapi.revature.dao.ProductDAOImpl:66 list user completed
2021-05-01 09:38:16  INFO com.shopapi.revature.controller.CustomerApplication:23 customer application portal started
2021-05-01 09:38:20  INFO com.shopapi.revature.controller.CustomerApplication:51 user login function stared
2021-05-01 09:38:25  INFO com.shopapi.revature.dao.LoginDetailsDAOImpl:63 validate login invoked!
2021-05-01 09:38:26  INFO com.shopapi.revature.dao.LoginDetailsDAOImpl:67 successfully connected to data base
2021-05-01 09:38:26  INFO com.shopapi.revature.dao.LoginDetailsDAOImpl:90 validate login completed
2021-05-01 09:38:26  INFO com.shopapi.revature.controller.CustomerApplication:61 user login success
2021-05-01 09:38:26  INFO com.shopapi.revature.dao.CustomerDAOImpl:65 get customer by login id invoked
2021-05-01 09:38:26  INFO com.shopapi.revature.dao.CustomerDAOImpl:68 successfully connected to data base
2021-05-01 09:38:26  INFO com.shopapi.revature.dao.CustomerDAOImpl:86 get customer by login id completed
2021-05-01 09:38:26  INFO com.shopapi.revature.dao.CustomerDAOImpl:65 get customer by login id invoked
2021-05-01 09:38:26  INFO com.shopapi.revature.dao.CustomerDAOImpl:68 successfully connected to data base
2021-05-01 09:38:26  INFO com.shopapi.revature.dao.CustomerDAOImpl:86 get customer by login id completed
2021-05-01 09:40:31  INFO com.shopapi.revature.controller.CustomerApplication:23 customer application portal started
2021-05-01 09:40:33  INFO com.shopapi.revature.controller.CustomerApplication:51 user login function stared
2021-05-01 09:40:40  INFO com.shopapi.revature.dao.LoginDetailsDAOImpl:63 validate login invoked!
2021-05-01 09:40:41  INFO com.shopapi.revature.dao.LoginDetailsDAOImpl:67 successfully connected to data base
2021-05-01 09:40:41  INFO com.shopapi.revature.dao.LoginDetailsDAOImpl:90 validate login completed
2021-05-01 09:40:41  INFO com.shopapi.revature.controller.CustomerApplication:61 user login success
2021-05-01 09:40:41  INFO com.shopapi.revature.dao.CustomerDAOImpl:65 get customer by login id invoked
2021-05-01 09:40:41  INFO com.shopapi.revature.dao.CustomerDAOImpl:68 successfully connected to data base
2021-05-01 09:40:41  INFO com.shopapi.revature.dao.CustomerDAOImpl:86 get customer by login id completed
2021-05-01 09:40:41  INFO com.shopapi.revature.dao.CustomerDAOImpl:65 get customer by login id invoked
2021-05-01 09:40:41  INFO com.shopapi.revature.dao.CustomerDAOImpl:68 successfully connected to data base
2021-05-01 09:40:41  INFO com.shopapi.revature.dao.CustomerDAOImpl:86 get customer by login id completed
2021-05-01 09:44:08  INFO com.shopapi.revature.controller.CustomerApplication:23 customer application portal started
2021-05-01 09:44:09  INFO com.shopapi.revature.controller.CustomerApplication:51 user login function stared
2021-05-01 09:44:17  INFO com.shopapi.revature.dao.LoginDetailsDAOImpl:63 validate login invoked!
2021-05-01 09:44:17  INFO com.shopapi.revature.dao.LoginDetailsDAOImpl:67 successfully connected to data base
2021-05-01 09:44:17  INFO com.shopapi.revature.dao.LoginDetailsDAOImpl:90 validate login completed
2021-05-01 09:44:17  INFO com.shopapi.revature.controller.CustomerApplication:185 user login function failed
2021-05-01 09:44:32  INFO com.shopapi.revature.controller.CustomerApplication:51 user login function stared
2021-05-01 09:44:38  INFO com.shopapi.revature.dao.LoginDetailsDAOImpl:63 validate login invoked!
2021-05-01 09:44:38  INFO com.shopapi.revature.dao.LoginDetailsDAOImpl:67 successfully connected to data base
2021-05-01 09:44:38  INFO com.shopapi.revature.dao.LoginDetailsDAOImpl:90 validate login completed
2021-05-01 09:44:38  INFO com.shopapi.revature.controller.CustomerApplication:61 user login success
2021-05-01 09:44:38  INFO com.shopapi.revature.dao.CustomerDAOImpl:65 get customer by login id invoked
2021-05-01 09:44:38  INFO com.shopapi.revature.dao.CustomerDAOImpl:68 successfully connected to data base
2021-05-01 09:44:38  INFO com.shopapi.revature.dao.CustomerDAOImpl:86 get customer by login id completed
2021-05-01 09:44:38  INFO com.shopapi.revature.dao.CustomerDAOImpl:65 get customer by login id invoked
2021-05-01 09:44:38  INFO com.shopapi.revature.dao.CustomerDAOImpl:68 successfully connected to data base
2021-05-01 09:44:38  INFO com.shopapi.revature.dao.CustomerDAOImpl:86 get customer by login id completed
2021-05-01 10:23:48  INFO com.shopapi.revature.controller.EmployeeApplication:31 user login function stared
2021-05-01 10:23:59  INFO com.shopapi.revature.dao.LoginDetailsDAOImpl:63 validate login invoked!
2021-05-01 10:23:59  INFO com.shopapi.revature.dao.LoginDetailsDAOImpl:67 successfully connected to data base
2021-05-01 10:23:59  INFO com.shopapi.revature.dao.LoginDetailsDAOImpl:90 validate login completed
2021-05-01 10:24:25  INFO com.shopapi.revature.controller.EmployeeApplication:31 user login function stared
2021-05-01 10:24:32  INFO com.shopapi.revature.dao.LoginDetailsDAOImpl:63 validate login invoked!
2021-05-01 10:24:32  INFO com.shopapi.revature.dao.LoginDetailsDAOImpl:67 successfully connected to data base
2021-05-01 10:24:32  INFO com.shopapi.revature.dao.LoginDetailsDAOImpl:90 validate login completed
2021-05-01 10:24:51  INFO com.shopapi.revature.dao.ProductDAOImpl:78 delete product from the list invoked
2021-05-01 10:24:51  INFO com.shopapi.revature.dao.ProductDAOImpl:80 successfully connected to data base
2021-05-01 10:24:51  INFO com.shopapi.revature.dao.ProductDAOImpl:89 delete product from the list completed
2021-05-01 10:25:00  INFO com.shopapi.revature.dao.OfferedMadeDAOImpl:53 list all offer made invoked
2021-05-01 10:25:00  INFO com.shopapi.revature.dao.OfferedMadeDAOImpl:60 successfully connected to data base
2021-05-01 10:25:00  INFO com.shopapi.revature.dao.OfferedMadeDAOImpl:83 list all offer made completed
2021-05-01 10:32:38  INFO com.shopapi.revature.controller.EmployeeApplication:31 user login function stared
2021-05-01 10:32:43  INFO com.shopapi.revature.dao.LoginDetailsDAOImpl:63 validate login invoked!
2021-05-01 10:32:44  INFO com.shopapi.revature.dao.LoginDetailsDAOImpl:67 successfully connected to data base
2021-05-01 10:32:44  INFO com.shopapi.revature.dao.LoginDetailsDAOImpl:90 validate login completed
2021-05-01 10:32:46  INFO com.shopapi.revature.dao.OfferedMadeDAOImpl:53 list all offer made invoked
2021-05-01 10:32:47  INFO com.shopapi.revature.dao.OfferedMadeDAOImpl:60 successfully connected to data base
2021-05-01 10:32:47  INFO com.shopapi.revature.dao.OfferedMadeDAOImpl:85 list all offer made completed
2021-05-01 10:34:01  INFO com.shopapi.revature.controller.EmployeeApplication:31 user login function stared
2021-05-01 10:34:07  INFO com.shopapi.revature.dao.LoginDetailsDAOImpl:63 validate login invoked!
2021-05-01 10:34:07  INFO com.shopapi.revature.dao.LoginDetailsDAOImpl:67 successfully connected to data base
2021-05-01 10:34:07  INFO com.shopapi.revature.dao.LoginDetailsDAOImpl:90 validate login completed
2021-05-01 10:34:09  INFO com.shopapi.revature.dao.OfferedMadeDAOImpl:53 list all offer made invoked
2021-05-01 10:34:09  INFO com.shopapi.revature.dao.OfferedMadeDAOImpl:60 successfully connected to data base
2021-05-01 10:34:09  INFO com.shopapi.revature.dao.OfferedMadeDAOImpl:84 list all offer made completed
2021-05-01 10:35:03  INFO com.shopapi.revature.controller.EmployeeApplication:31 user login function stared
2021-05-01 10:35:08  INFO com.shopapi.revature.dao.LoginDetailsDAOImpl:63 validate login invoked!
2021-05-01 10:35:09  INFO com.shopapi.revature.dao.LoginDetailsDAOImpl:67 successfully connected to data base
2021-05-01 10:35:09  INFO com.shopapi.revature.dao.LoginDetailsDAOImpl:90 validate login completed
2021-05-01 10:35:11  INFO com.shopapi.revature.dao.OfferedMadeDAOImpl:53 list all offer made invoked
2021-05-01 10:35:11  INFO com.shopapi.revature.dao.OfferedMadeDAOImpl:60 successfully connected to data base
2021-05-01 10:35:11  INFO com.shopapi.revature.dao.OfferedMadeDAOImpl:84 list all offer made completed
2021-05-01 10:36:51  DEBUG com.shopapi.revature.dao.OfferedMadeDAOImpl:126 list all offer made failed
2021-05-01 10:38:57  INFO com.shopapi.revature.controller.EmployeeApplication:31 user login function stared
2021-05-01 10:39:05  INFO com.shopapi.revature.dao.LoginDetailsDAOImpl:63 validate login invoked!
2021-05-01 10:39:05  INFO com.shopapi.revature.dao.LoginDetailsDAOImpl:67 successfully connected to data base
2021-05-01 10:39:05  INFO com.shopapi.revature.dao.LoginDetailsDAOImpl:90 validate login completed
2021-05-01 10:39:09  INFO com.shopapi.revature.dao.OfferedMadeDAOImpl:53 list all offer made invoked
2021-05-01 10:39:09  INFO com.shopapi.revature.dao.OfferedMadeDAOImpl:60 successfully connected to data base
2021-05-01 10:39:09  INFO com.shopapi.revature.dao.OfferedMadeDAOImpl:84 list all offer made completed
2021-05-01 10:39:34  DEBUG com.shopapi.revature.dao.OfferedMadeDAOImpl:126 list all offer made failed
2021-05-01 10:40:52  INFO com.shopapi.revature.controller.EmployeeApplication:31 user login function stared
2021-05-01 10:40:58  INFO com.shopapi.revature.dao.LoginDetailsDAOImpl:63 validate login invoked!
2021-05-01 10:40:58  INFO com.shopapi.revature.dao.LoginDetailsDAOImpl:67 successfully connected to data base
2021-05-01 10:40:58  INFO com.shopapi.revature.dao.LoginDetailsDAOImpl:90 validate login completed
2021-05-01 10:41:01  INFO com.shopapi.revature.dao.OfferedMadeDAOImpl:53 list all offer made invoked
2021-05-01 10:41:01  INFO com.shopapi.revature.dao.OfferedMadeDAOImpl:60 successfully connected to data base
2021-05-01 10:41:01  INFO com.shopapi.revature.dao.OfferedMadeDAOImpl:84 list all offer made completed
2021-05-01 10:41:18  DEBUG com.shopapi.revature.dao.OfferedMadeDAOImpl:126 list all offer made failed
2021-05-01 10:41:36  INFO com.shopapi.revature.controller.EmployeeApplication:31 user login function stared
2021-05-01 10:41:49  INFO com.shopapi.revature.dao.LoginDetailsDAOImpl:63 validate login invoked!
2021-05-01 10:41:49  INFO com.shopapi.revature.dao.LoginDetailsDAOImpl:67 successfully connected to data base
2021-05-01 10:41:49  INFO com.shopapi.revature.dao.LoginDetailsDAOImpl:90 validate login completed
2021-05-01 11:55:49  INFO com.shopapi.revature.controller.EmployeeApplication:31 user login function stared
2021-05-01 11:55:56  INFO com.shopapi.revature.dao.LoginDetailsDAOImpl:63 validate login invoked!
2021-05-01 11:55:56  INFO com.shopapi.revature.dao.LoginDetailsDAOImpl:67 successfully connected to data base
2021-05-01 11:55:56  INFO com.shopapi.revature.dao.LoginDetailsDAOImpl:90 validate login completed
2021-05-01 11:56:47  INFO com.shopapi.revature.dao.ProductDAOImpl:26 add product to the list invoked
2021-05-01 11:56:47  INFO com.shopapi.revature.dao.ProductDAOImpl:28 successfully connected to data base
2021-05-01 11:56:47  INFO com.shopapi.revature.dao.ProductDAOImpl:40 add product to the list completed
2021-05-01 11:57:20  INFO com.shopapi.revature.dao.ProductDAOImpl:26 add product to the list invoked
2021-05-01 11:57:20  INFO com.shopapi.revature.dao.ProductDAOImpl:28 successfully connected to data base
2021-05-01 11:57:20  INFO com.shopapi.revature.dao.ProductDAOImpl:40 add product to the list completed
2021-05-01 11:58:00  INFO com.shopapi.revature.dao.ProductDAOImpl:46 list all products invoked
2021-05-01 11:58:00  INFO com.shopapi.revature.dao.ProductDAOImpl:49 successfully connected to data base
2021-05-01 11:58:00  INFO com.shopapi.revature.dao.ProductDAOImpl:66 list user completed
2021-05-01 11:58:11  INFO com.shopapi.revature.dao.ProductDAOImpl:78 delete product from the list invoked
2021-05-01 11:58:11  INFO com.shopapi.revature.dao.ProductDAOImpl:80 successfully connected to data base
2021-05-01 11:58:11  INFO com.shopapi.revature.dao.ProductDAOImpl:89 delete product from the list completed
2021-05-01 11:58:15  INFO com.shopapi.revature.dao.ProductDAOImpl:46 list all products invoked
2021-05-01 11:58:15  INFO com.shopapi.revature.dao.ProductDAOImpl:49 successfully connected to data base
2021-05-01 11:58:15  INFO com.shopapi.revature.dao.ProductDAOImpl:66 list user completed
2021-05-01 11:58:20  INFO com.shopapi.revature.dao.OfferedMadeDAOImpl:53 list all offer made invoked
2021-05-01 11:58:20  INFO com.shopapi.revature.dao.OfferedMadeDAOImpl:60 successfully connected to data base
2021-05-01 11:58:20  INFO com.shopapi.revature.dao.OfferedMadeDAOImpl:84 list all offer made completed
2021-05-01 11:58:35  INFO com.shopapi.revature.controller.CustomerApplication:23 customer application portal started
2021-05-01 11:58:39  INFO com.shopapi.revature.controller.CustomerApplication:51 user login function stared
2021-05-01 11:58:46  INFO com.shopapi.revature.dao.LoginDetailsDAOImpl:63 validate login invoked!
2021-05-01 11:58:46  INFO com.shopapi.revature.dao.LoginDetailsDAOImpl:67 successfully connected to data base
2021-05-01 11:58:46  INFO com.shopapi.revature.dao.LoginDetailsDAOImpl:90 validate login completed
2021-05-01 11:58:46  INFO com.shopapi.revature.controller.CustomerApplication:61 user login success
2021-05-01 11:58:46  INFO com.shopapi.revature.dao.CustomerDAOImpl:65 get customer by login id invoked
2021-05-01 11:58:46  INFO com.shopapi.revature.dao.CustomerDAOImpl:68 successfully connected to data base
2021-05-01 11:58:46  INFO com.shopapi.revature.dao.CustomerDAOImpl:83 get customer by login id failed
2021-05-01 11:58:46  INFO com.shopapi.revature.dao.CustomerDAOImpl:86 get customer by login id completed
2021-05-01 12:00:22  INFO com.shopapi.revature.controller.CustomerApplication:185 user login function failed
2021-05-01 12:00:41  INFO com.shopapi.revature.controller.CustomerApplication:23 customer application portal started
2021-05-01 12:00:42  INFO com.shopapi.revature.controller.CustomerApplication:35 create user login function started
2021-05-01 12:00:50  INFO com.shopapi.revature.dao.UserDAOImpl:43 list user invoked
2021-05-01 12:00:50  INFO com.shopapi.revature.dao.UserDAOImpl:47 successfully connected to data base
2021-05-01 12:00:50  INFO com.shopapi.revature.dao.UserDAOImpl:63 list user completed
2021-05-01 12:00:50  INFO com.shopapi.revature.dao.LoginDetailsDAOImpl:26 add login details invoked
2021-05-01 12:00:50  INFO com.shopapi.revature.dao.LoginDetailsDAOImpl:28 successfully connected to data base
2021-05-01 12:00:50  DEBUG com.shopapi.revature.dao.LoginDetailsDAOImpl:35 add login details failed
2021-05-01 12:00:50  INFO com.shopapi.revature.controller.CustomerApplication:42 create user account function completed
2021-05-01 12:01:10  INFO com.shopapi.revature.controller.CustomerApplication:51 user login function stared
2021-05-01 12:01:17  INFO com.shopapi.revature.dao.LoginDetailsDAOImpl:63 validate login invoked!
2021-05-01 12:01:17  INFO com.shopapi.revature.dao.LoginDetailsDAOImpl:67 successfully connected to data base
2021-05-01 12:01:17  INFO com.shopapi.revature.dao.LoginDetailsDAOImpl:90 validate login completed
2021-05-01 12:01:17  INFO com.shopapi.revature.controller.CustomerApplication:61 user login success
2021-05-01 12:01:17  INFO com.shopapi.revature.dao.CustomerDAOImpl:65 get customer by login id invoked
2021-05-01 12:01:17  INFO com.shopapi.revature.dao.CustomerDAOImpl:68 successfully connected to data base
2021-05-01 12:01:17  INFO com.shopapi.revature.dao.CustomerDAOImpl:86 get customer by login id completed
2021-05-01 12:01:17  INFO com.shopapi.revature.dao.CustomerDAOImpl:65 get customer by login id invoked
2021-05-01 12:01:17  INFO com.shopapi.revature.dao.CustomerDAOImpl:68 successfully connected to data base
2021-05-01 12:01:17  INFO com.shopapi.revature.dao.CustomerDAOImpl:86 get customer by login id completed
2021-05-01 12:01:22  INFO com.shopapi.revature.dao.ProductDAOImpl:46 list all products invoked
2021-05-01 12:01:22  INFO com.shopapi.revature.dao.ProductDAOImpl:49 successfully connected to data base
2021-05-01 12:01:22  INFO com.shopapi.revature.dao.ProductDAOImpl:66 list user completed
2021-05-01 12:02:35  INFO com.shopapi.revature.dao.OfferedMadeDAOImpl:30 add to offer table invoked
2021-05-01 12:02:35  INFO com.shopapi.revature.dao.OfferedMadeDAOImpl:32 successfully connected to data base
2021-05-01 12:02:35  INFO com.shopapi.revature.dao.OfferedMadeDAOImpl:47 add to offer table completed
2021-05-01 12:03:55  INFO com.shopapi.revature.dao.ProductDAOImpl:46 list all products invoked
2021-05-01 12:03:56  INFO com.shopapi.revature.dao.ProductDAOImpl:49 successfully connected to data base
2021-05-01 12:03:56  INFO com.shopapi.revature.dao.ProductDAOImpl:66 list user completed
2021-05-01 12:04:17  INFO com.shopapi.revature.dao.OfferedMadeDAOImpl:30 add to offer table invoked
2021-05-01 12:04:17  INFO com.shopapi.revature.dao.OfferedMadeDAOImpl:32 successfully connected to data base
2021-05-01 12:04:17  INFO com.shopapi.revature.dao.OfferedMadeDAOImpl:47 add to offer table completed
2021-05-01 12:04:28  INFO com.shopapi.revature.controller.EmployeeApplication:31 user login function stared
2021-05-01 12:04:35  INFO com.shopapi.revature.dao.LoginDetailsDAOImpl:63 validate login invoked!
2021-05-01 12:04:35  INFO com.shopapi.revature.dao.LoginDetailsDAOImpl:67 successfully connected to data base
2021-05-01 12:04:35  INFO com.shopapi.revature.dao.LoginDetailsDAOImpl:90 validate login completed
2021-05-01 12:04:42  INFO com.shopapi.revature.dao.OfferedMadeDAOImpl:53 list all offer made invoked
2021-05-01 12:04:42  INFO com.shopapi.revature.dao.OfferedMadeDAOImpl:60 successfully connected to data base
2021-05-01 12:04:42  DEBUG com.shopapi.revature.dao.OfferedMadeDAOImpl:80 list all offer made failed
2021-05-01 12:06:49  INFO com.shopapi.revature.controller.EmployeeApplication:31 user login function stared
2021-05-01 12:06:55  INFO com.shopapi.revature.dao.LoginDetailsDAOImpl:63 validate login invoked!
2021-05-01 12:06:55  INFO com.shopapi.revature.dao.LoginDetailsDAOImpl:67 successfully connected to data base
2021-05-01 12:06:55  INFO com.shopapi.revature.dao.LoginDetailsDAOImpl:90 validate login completed
2021-05-01 12:06:57  INFO com.shopapi.revature.dao.OfferedMadeDAOImpl:53 list all offer made invoked
2021-05-01 12:06:57  INFO com.shopapi.revature.dao.OfferedMadeDAOImpl:60 successfully connected to data base
2021-05-01 12:06:57  DEBUG com.shopapi.revature.dao.OfferedMadeDAOImpl:80 list all offer made failed
2021-05-01 12:07:43  INFO com.shopapi.revature.controller.EmployeeApplication:31 user login function stared
2021-05-01 12:07:48  INFO com.shopapi.revature.dao.LoginDetailsDAOImpl:63 validate login invoked!
2021-05-01 12:07:48  INFO com.shopapi.revature.dao.LoginDetailsDAOImpl:67 successfully connected to data base
2021-05-01 12:07:48  INFO com.shopapi.revature.dao.LoginDetailsDAOImpl:90 validate login completed
2021-05-01 12:07:50  INFO com.shopapi.revature.dao.OfferedMadeDAOImpl:53 list all offer made invoked
2021-05-01 12:07:50  INFO com.shopapi.revature.dao.OfferedMadeDAOImpl:60 successfully connected to data base
2021-05-01 12:07:50  INFO com.shopapi.revature.dao.OfferedMadeDAOImpl:84 list all offer made completed
2021-05-01 12:11:21  INFO com.shopapi.revature.dao.OfferedMadeDAOImpl:53 list all offer made invoked
2021-05-01 12:11:21  INFO com.shopapi.revature.dao.OfferedMadeDAOImpl:60 successfully connected to data base
2021-05-01 12:11:21  INFO com.shopapi.revature.dao.OfferedMadeDAOImpl:84 list all offer made completed
2021-05-01 12:23:22  INFO com.shopapi.revature.controller.EmployeeApplication:31 user login function stared
2021-05-01 12:23:30  INFO com.shopapi.revature.dao.LoginDetailsDAOImpl:63 validate login invoked!
2021-05-01 12:23:30  INFO com.shopapi.revature.dao.LoginDetailsDAOImpl:67 successfully connected to data base
2021-05-01 12:23:30  INFO com.shopapi.revature.dao.LoginDetailsDAOImpl:90 validate login completed
2021-05-01 12:23:34  INFO com.shopapi.revature.dao.OfferedMadeDAOImpl:53 list all offer made invoked
2021-05-01 12:23:34  INFO com.shopapi.revature.dao.OfferedMadeDAOImpl:60 successfully connected to data base
2021-05-01 12:23:34  INFO com.shopapi.revature.dao.OfferedMadeDAOImpl:84 list all offer made completed
2021-05-01 12:45:24  INFO com.shopapi.revature.controller.EmployeeApplication:31 user login function stared
2021-05-01 12:45:30  INFO com.shopapi.revature.dao.LoginDetailsDAOImpl:63 validate login invoked!
2021-05-01 12:45:30  INFO com.shopapi.revature.dao.LoginDetailsDAOImpl:67 successfully connected to data base
2021-05-01 12:45:30  INFO com.shopapi.revature.dao.LoginDetailsDAOImpl:90 validate login completed
2021-05-01 12:45:35  INFO com.shopapi.revature.dao.OfferedMadeDAOImpl:53 list all offer made invoked
2021-05-01 12:45:35  INFO com.shopapi.revature.dao.OfferedMadeDAOImpl:60 successfully connected to data base
2021-05-01 12:45:35  INFO com.shopapi.revature.dao.OfferedMadeDAOImpl:84 list all offer made completed
2021-05-01 12:51:31  INFO com.shopapi.revature.controller.CustomerApplication:182 user login function failed
