2021-04-29 17:34:31  INFO com.shopapi.revature.dao.UserDAOImpl:26 create user invoked
2021-04-29 17:34:31  INFO com.shopapi.revature.dao.UserDAOImpl:28 successfully connected to data base
2021-04-29 17:34:31  DEBUG com.shopapi.revature.dao.UserDAOImpl:33 create user failed
2021-04-29 17:35:23  INFO com.shopapi.revature.dao.UserDAOImpl:26 create user invoked
2021-04-29 17:35:23  INFO com.shopapi.revature.dao.UserDAOImpl:28 successfully connected to data base
2021-04-29 17:35:23  DEBUG com.shopapi.revature.dao.UserDAOImpl:33 create user failed
2021-04-29 17:36:13  INFO com.shopapi.revature.dao.UserDAOImpl:26 create user invoked
2021-04-29 17:36:14  INFO com.shopapi.revature.dao.UserDAOImpl:28 successfully connected to data base
2021-04-29 17:36:14  INFO com.shopapi.revature.dao.UserDAOImpl:37 create user success
2021-04-29 17:37:29  INFO com.shopapi.revature.dao.UserDAOImpl:26 create user invoked
2021-04-29 17:37:30  INFO com.shopapi.revature.dao.UserDAOImpl:28 successfully connected to data base
2021-04-29 17:37:30  INFO com.shopapi.revature.dao.UserDAOImpl:37 create user success
2021-04-29 17:37:49  INFO com.shopapi.revature.dao.UserDAOImpl:26 create user invoked
2021-04-29 17:37:49  INFO com.shopapi.revature.dao.UserDAOImpl:28 successfully connected to data base
2021-04-29 17:37:49  INFO com.shopapi.revature.dao.UserDAOImpl:37 create user success
2021-04-29 17:38:10  INFO com.shopapi.revature.dao.UserDAOImpl:26 create user invoked
2021-04-29 17:38:10  INFO com.shopapi.revature.dao.UserDAOImpl:28 successfully connected to data base
2021-04-29 17:38:10  INFO com.shopapi.revature.dao.UserDAOImpl:37 create user success
2021-04-29 17:40:39  INFO com.shopapi.revature.dao.UserDAOImpl:26 create user invoked
2021-04-29 17:40:40  INFO com.shopapi.revature.dao.UserDAOImpl:28 successfully connected to data base
2021-04-29 17:40:40  INFO com.shopapi.revature.dao.UserDAOImpl:37 create user success
2021-04-29 17:41:31  INFO com.shopapi.revature.dao.UserDAOImpl:26 create user invoked
2021-04-29 17:41:31  INFO com.shopapi.revature.dao.UserDAOImpl:28 successfully connected to data base
2021-04-29 17:41:31  INFO com.shopapi.revature.dao.UserDAOImpl:37 create user success
2021-04-29 17:41:55  INFO com.shopapi.revature.dao.UserDAOImpl:26 create user invoked
2021-04-29 17:41:55  INFO com.shopapi.revature.dao.UserDAOImpl:28 successfully connected to data base
2021-04-29 17:41:55  INFO com.shopapi.revature.dao.UserDAOImpl:37 create user success
2021-04-29 17:45:52  INFO com.shopapi.revature.dao.UserDAOImpl:43 list user invoked
2021-04-29 17:45:52  INFO com.shopapi.revature.dao.UserDAOImpl:47 successfully connected to data base
2021-04-29 17:45:52  DEBUG com.shopapi.revature.dao.UserDAOImpl:59 list user failed
2021-04-29 17:46:18  INFO com.shopapi.revature.dao.UserDAOImpl:43 list user invoked
2021-04-29 17:46:18  INFO com.shopapi.revature.dao.UserDAOImpl:47 successfully connected to data base
2021-04-29 17:46:18  INFO com.shopapi.revature.dao.UserDAOImpl:63 list user completed
2021-04-29 17:46:41  INFO com.shopapi.revature.dao.UserDAOImpl:43 list user invoked
2021-04-29 17:46:42  INFO com.shopapi.revature.dao.UserDAOImpl:47 successfully connected to data base
2021-04-29 17:46:42  INFO com.shopapi.revature.dao.UserDAOImpl:63 list user completed
2021-04-29 17:54:10  INFO com.shopapi.revature.dao.UserDAOImpl:43 list user invoked
2021-04-29 17:54:10  INFO com.shopapi.revature.dao.UserDAOImpl:47 successfully connected to data base
2021-04-29 17:54:10  INFO com.shopapi.revature.dao.UserDAOImpl:63 list user completed
2021-04-29 17:54:10  INFO com.shopapi.revature.dao.UserDAOImpl:88 delete user invoked
2021-04-29 17:54:10  INFO com.shopapi.revature.dao.UserDAOImpl:90 successfully connected to data base
2021-04-29 17:54:10  INFO com.shopapi.revature.dao.UserDAOImpl:100 delete user completed
2021-04-29 17:54:10  INFO com.shopapi.revature.dao.UserDAOImpl:43 list user invoked
2021-04-29 17:54:10  INFO com.shopapi.revature.dao.UserDAOImpl:47 successfully connected to data base
2021-04-29 17:54:10  INFO com.shopapi.revature.dao.UserDAOImpl:63 list user completed
2021-04-29 17:54:10  INFO com.shopapi.revature.dao.UserDAOImpl:69 update user invoked
2021-04-29 17:54:10  INFO com.shopapi.revature.dao.UserDAOImpl:71 successfully connected to data base
2021-04-29 17:54:10  DEBUG com.shopapi.revature.dao.UserDAOImpl:78 update user failed
2021-04-29 17:54:10  INFO com.shopapi.revature.dao.UserDAOImpl:43 list user invoked
2021-04-29 17:54:11  INFO com.shopapi.revature.dao.UserDAOImpl:47 successfully connected to data base
2021-04-29 17:54:11  INFO com.shopapi.revature.dao.UserDAOImpl:63 list user completed
2021-04-29 17:57:19  INFO com.shopapi.revature.dao.UserDAOImpl:43 list user invoked
2021-04-29 17:57:19  INFO com.shopapi.revature.dao.UserDAOImpl:47 successfully connected to data base
2021-04-29 17:57:19  INFO com.shopapi.revature.dao.UserDAOImpl:63 list user completed
2021-04-29 17:57:19  INFO com.shopapi.revature.dao.UserDAOImpl:88 delete user invoked
2021-04-29 17:57:20  INFO com.shopapi.revature.dao.UserDAOImpl:90 successfully connected to data base
2021-04-29 17:57:20  INFO com.shopapi.revature.dao.UserDAOImpl:100 delete user completed
2021-04-29 17:57:20  INFO com.shopapi.revature.dao.UserDAOImpl:43 list user invoked
2021-04-29 17:57:20  INFO com.shopapi.revature.dao.UserDAOImpl:47 successfully connected to data base
2021-04-29 17:57:20  INFO com.shopapi.revature.dao.UserDAOImpl:63 list user completed
2021-04-29 17:57:20  INFO com.shopapi.revature.dao.UserDAOImpl:69 update user invoked
2021-04-29 17:57:20  INFO com.shopapi.revature.dao.UserDAOImpl:71 successfully connected to data base
2021-04-29 17:57:20  DEBUG com.shopapi.revature.dao.UserDAOImpl:78 update user failed
2021-04-29 17:57:20  INFO com.shopapi.revature.dao.UserDAOImpl:43 list user invoked
2021-04-29 17:57:20  INFO com.shopapi.revature.dao.UserDAOImpl:47 successfully connected to data base
2021-04-29 17:57:20  INFO com.shopapi.revature.dao.UserDAOImpl:63 list user completed
2021-04-29 17:57:47  INFO com.shopapi.revature.dao.UserDAOImpl:43 list user invoked
2021-04-29 17:57:48  INFO com.shopapi.revature.dao.UserDAOImpl:47 successfully connected to data base
2021-04-29 17:57:48  INFO com.shopapi.revature.dao.UserDAOImpl:63 list user completed
2021-04-29 17:57:48  INFO com.shopapi.revature.dao.UserDAOImpl:88 delete user invoked
2021-04-29 17:57:48  INFO com.shopapi.revature.dao.UserDAOImpl:90 successfully connected to data base
2021-04-29 17:57:48  INFO com.shopapi.revature.dao.UserDAOImpl:100 delete user completed
2021-04-29 17:57:48  INFO com.shopapi.revature.dao.UserDAOImpl:43 list user invoked
2021-04-29 17:57:48  INFO com.shopapi.revature.dao.UserDAOImpl:47 successfully connected to data base
2021-04-29 17:57:48  INFO com.shopapi.revature.dao.UserDAOImpl:63 list user completed
2021-04-29 17:57:48  INFO com.shopapi.revature.dao.UserDAOImpl:69 update user invoked
2021-04-29 17:57:48  INFO com.shopapi.revature.dao.UserDAOImpl:71 successfully connected to data base
2021-04-29 17:57:48  INFO com.shopapi.revature.dao.UserDAOImpl:82 update user completed
2021-04-29 17:57:48  INFO com.shopapi.revature.dao.UserDAOImpl:43 list user invoked
2021-04-29 17:57:48  INFO com.shopapi.revature.dao.UserDAOImpl:47 successfully connected to data base
2021-04-29 17:57:48  INFO com.shopapi.revature.dao.UserDAOImpl:63 list user completed
2021-04-29 17:59:28  INFO com.shopapi.revature.dao.UserDAOImpl:26 create user invoked
2021-04-29 17:59:28  INFO com.shopapi.revature.dao.UserDAOImpl:28 successfully connected to data base
2021-04-29 17:59:28  INFO com.shopapi.revature.dao.UserDAOImpl:37 create user success
2021-04-29 17:59:28  INFO com.shopapi.revature.dao.UserDAOImpl:26 create user invoked
2021-04-29 17:59:28  INFO com.shopapi.revature.dao.UserDAOImpl:28 successfully connected to data base
2021-04-29 17:59:28  INFO com.shopapi.revature.dao.UserDAOImpl:37 create user success
2021-04-29 17:59:28  INFO com.shopapi.revature.dao.UserDAOImpl:26 create user invoked
2021-04-29 17:59:28  INFO com.shopapi.revature.dao.UserDAOImpl:28 successfully connected to data base
2021-04-29 17:59:28  INFO com.shopapi.revature.dao.UserDAOImpl:37 create user success
2021-04-29 18:02:57  INFO com.shopapi.revature.dao.UserDAOImpl:26 create user invoked
2021-04-29 18:02:57  INFO com.shopapi.revature.dao.UserDAOImpl:28 successfully connected to data base
2021-04-29 18:02:57  INFO com.shopapi.revature.dao.UserDAOImpl:37 create user success
2021-04-29 18:03:18  INFO com.shopapi.revature.dao.UserDAOImpl:26 create user invoked
2021-04-29 18:03:19  INFO com.shopapi.revature.dao.UserDAOImpl:28 successfully connected to data base
2021-04-29 18:03:19  INFO com.shopapi.revature.dao.UserDAOImpl:37 create user success
2021-04-29 18:03:43  INFO com.shopapi.revature.dao.UserDAOImpl:26 create user invoked
2021-04-29 18:03:43  INFO com.shopapi.revature.dao.UserDAOImpl:28 successfully connected to data base
2021-04-29 18:03:43  INFO com.shopapi.revature.dao.UserDAOImpl:37 create user success
2021-04-29 18:30:52  INFO com.shopapi.revature.dao.LoginDetailsDAOImpl:19 add login details invoked
2021-04-29 18:30:52  INFO com.shopapi.revature.dao.LoginDetailsDAOImpl:22 successfully connected to data base
2021-04-29 18:30:52  INFO com.shopapi.revature.dao.LoginDetailsDAOImpl:33 add login details success
2021-04-29 18:32:23  INFO com.shopapi.revature.dao.LoginDetailsDAOImpl:19 add login details invoked
2021-04-29 18:32:23  INFO com.shopapi.revature.dao.LoginDetailsDAOImpl:22 successfully connected to data base
2021-04-29 18:32:23  INFO com.shopapi.revature.dao.LoginDetailsDAOImpl:33 add login details success
2021-04-29 18:58:43  INFO com.shopapi.revature.dao.LoginDetailsDAOImpl:24 add login details invoked
2021-04-29 18:58:43  INFO com.shopapi.revature.dao.LoginDetailsDAOImpl:26 successfully connected to data base
2021-04-29 18:58:43  DEBUG com.shopapi.revature.dao.LoginDetailsDAOImpl:33 add login details failed
2021-04-29 18:58:43  INFO com.shopapi.revature.dao.LoginDetailsDAOImpl:61 get customer login invoked!
2021-04-29 18:58:43  INFO com.shopapi.revature.dao.LoginDetailsDAOImpl:64 successfully connected to data base
2021-04-29 18:59:42  INFO com.shopapi.revature.dao.LoginDetailsDAOImpl:24 add login details invoked
2021-04-29 18:59:42  INFO com.shopapi.revature.dao.LoginDetailsDAOImpl:26 successfully connected to data base
2021-04-29 18:59:42  DEBUG com.shopapi.revature.dao.LoginDetailsDAOImpl:33 add login details failed
2021-04-29 18:59:42  INFO com.shopapi.revature.dao.LoginDetailsDAOImpl:61 get customer login invoked!
2021-04-29 18:59:42  INFO com.shopapi.revature.dao.LoginDetailsDAOImpl:64 successfully connected to data base
2021-04-29 19:00:33  INFO com.shopapi.revature.dao.LoginDetailsDAOImpl:61 get customer login invoked!
2021-04-29 19:00:33  INFO com.shopapi.revature.dao.LoginDetailsDAOImpl:64 successfully connected to data base
2021-04-29 19:01:07  INFO com.shopapi.revature.dao.LoginDetailsDAOImpl:61 get customer login invoked!
2021-04-29 19:01:07  INFO com.shopapi.revature.dao.LoginDetailsDAOImpl:64 successfully connected to data base
2021-04-29 19:01:25  INFO com.shopapi.revature.dao.LoginDetailsDAOImpl:61 get customer login invoked!
2021-04-29 19:01:26  INFO com.shopapi.revature.dao.LoginDetailsDAOImpl:64 successfully connected to data base
2021-04-29 19:03:45  INFO com.shopapi.revature.dao.LoginDetailsDAOImpl:61 get customer login invoked!
2021-04-29 19:03:45  INFO com.shopapi.revature.dao.LoginDetailsDAOImpl:64 successfully connected to data base
2021-04-29 19:05:13  INFO com.shopapi.revature.dao.LoginDetailsDAOImpl:61 get customer login invoked!
2021-04-29 19:05:13  INFO com.shopapi.revature.dao.LoginDetailsDAOImpl:64 successfully connected to data base
2021-04-29 19:07:22  INFO com.shopapi.revature.dao.LoginDetailsDAOImpl:61 get customer login invoked!
2021-04-29 19:07:23  INFO com.shopapi.revature.dao.LoginDetailsDAOImpl:64 successfully connected to data base
2021-04-29 19:09:29  INFO com.shopapi.revature.dao.LoginDetailsDAOImpl:61 get customer login invoked!
2021-04-29 19:09:29  INFO com.shopapi.revature.dao.LoginDetailsDAOImpl:64 successfully connected to data base
2021-04-29 19:11:48  INFO com.shopapi.revature.dao.LoginDetailsDAOImpl:61 get customer login invoked!
2021-04-29 19:11:48  INFO com.shopapi.revature.dao.LoginDetailsDAOImpl:64 successfully connected to data base
2021-04-29 19:13:32  INFO com.shopapi.revature.dao.LoginDetailsDAOImpl:61 get customer login invoked!
2021-04-29 19:13:32  INFO com.shopapi.revature.dao.LoginDetailsDAOImpl:64 successfully connected to data base
2021-04-29 19:15:03  INFO com.shopapi.revature.dao.LoginDetailsDAOImpl:61 validate login invoked!
2021-04-29 19:15:03  INFO com.shopapi.revature.dao.LoginDetailsDAOImpl:64 successfully connected to data base
2021-04-29 19:15:03  INFO com.shopapi.revature.dao.LoginDetailsDAOImpl:90 validate login success
2021-04-29 19:15:15  INFO com.shopapi.revature.dao.LoginDetailsDAOImpl:61 validate login invoked!
2021-04-29 19:15:16  INFO com.shopapi.revature.dao.LoginDetailsDAOImpl:64 successfully connected to data base
2021-04-29 19:15:16  INFO com.shopapi.revature.dao.LoginDetailsDAOImpl:90 validate login success
2021-04-29 19:16:55  INFO com.shopapi.revature.dao.LoginDetailsDAOImpl:61 validate login invoked!
2021-04-29 19:16:55  INFO com.shopapi.revature.dao.LoginDetailsDAOImpl:64 successfully connected to data base
2021-04-29 19:16:55  INFO com.shopapi.revature.dao.LoginDetailsDAOImpl:86 validate login success
2021-04-29 19:18:31  INFO com.shopapi.revature.dao.LoginDetailsDAOImpl:61 validate login invoked!
2021-04-29 19:18:31  INFO com.shopapi.revature.dao.LoginDetailsDAOImpl:64 successfully connected to data base
2021-04-29 19:18:31  INFO com.shopapi.revature.dao.LoginDetailsDAOImpl:88 validate login success
2021-04-29 19:20:16  INFO com.shopapi.revature.dao.LoginDetailsDAOImpl:61 validate login invoked!
2021-04-29 19:20:16  INFO com.shopapi.revature.dao.LoginDetailsDAOImpl:64 successfully connected to data base
2021-04-29 19:20:16  INFO com.shopapi.revature.dao.LoginDetailsDAOImpl:89 validate login success
2021-04-29 19:26:50  INFO com.shopapi.revature.dao.LoginDetailsDAOImpl:61 validate login invoked!
2021-04-29 19:26:51  INFO com.shopapi.revature.dao.LoginDetailsDAOImpl:64 successfully connected to data base
2021-04-29 19:26:51  INFO com.shopapi.revature.dao.LoginDetailsDAOImpl:85 validate login success
2021-04-29 19:27:24  INFO com.shopapi.revature.dao.LoginDetailsDAOImpl:61 validate login invoked!
2021-04-29 19:27:24  INFO com.shopapi.revature.dao.LoginDetailsDAOImpl:64 successfully connected to data base
2021-04-29 19:27:24  INFO com.shopapi.revature.dao.LoginDetailsDAOImpl:85 validate login success
2021-04-29 19:29:56  INFO com.shopapi.revature.dao.LoginDetailsDAOImpl:61 validate login invoked!
2021-04-29 19:29:56  INFO com.shopapi.revature.dao.LoginDetailsDAOImpl:64 successfully connected to data base
2021-04-29 19:29:56  INFO com.shopapi.revature.dao.LoginDetailsDAOImpl:85 validate login success
2021-04-29 19:30:40  INFO com.shopapi.revature.dao.LoginDetailsDAOImpl:61 validate login invoked!
2021-04-29 19:30:40  INFO com.shopapi.revature.dao.LoginDetailsDAOImpl:64 successfully connected to data base
2021-04-29 19:30:40  INFO com.shopapi.revature.dao.LoginDetailsDAOImpl:85 validate login success
2021-04-29 19:31:10  INFO com.shopapi.revature.dao.LoginDetailsDAOImpl:61 validate login invoked!
2021-04-29 19:31:10  INFO com.shopapi.revature.dao.LoginDetailsDAOImpl:64 successfully connected to data base
2021-04-29 19:31:10  INFO com.shopapi.revature.dao.LoginDetailsDAOImpl:85 validate login success
2021-04-29 19:35:17  INFO com.shopapi.revature.dao.LoginDetailsDAOImpl:61 validate login invoked!
2021-04-29 19:35:17  INFO com.shopapi.revature.dao.LoginDetailsDAOImpl:64 successfully connected to data base
2021-04-29 19:35:17  INFO com.shopapi.revature.dao.LoginDetailsDAOImpl:85 validate login success
2021-04-29 19:35:30  INFO com.shopapi.revature.dao.LoginDetailsDAOImpl:61 validate login invoked!
2021-04-29 19:35:31  INFO com.shopapi.revature.dao.LoginDetailsDAOImpl:64 successfully connected to data base
2021-04-29 19:35:31  INFO com.shopapi.revature.dao.LoginDetailsDAOImpl:85 validate login success
2021-04-29 19:45:34  INFO com.shopapi.revature.dao.LoginDetailsDAOImpl:61 validate login invoked!
2021-04-29 19:45:34  INFO com.shopapi.revature.dao.LoginDetailsDAOImpl:66 successfully connected to data base
2021-04-29 19:45:34  INFO com.shopapi.revature.dao.LoginDetailsDAOImpl:88 validate login success
2021-04-29 19:48:09  INFO com.shopapi.revature.dao.LoginDetailsDAOImpl:61 validate login invoked!
2021-04-29 19:48:09  INFO com.shopapi.revature.dao.LoginDetailsDAOImpl:66 successfully connected to data base
2021-04-29 19:48:09  INFO com.shopapi.revature.dao.LoginDetailsDAOImpl:88 validate login success
2021-04-29 19:49:25  INFO com.shopapi.revature.dao.LoginDetailsDAOImpl:61 validate login invoked!
2021-04-29 19:49:25  INFO com.shopapi.revature.dao.LoginDetailsDAOImpl:66 successfully connected to data base
2021-04-29 19:49:25  INFO com.shopapi.revature.dao.LoginDetailsDAOImpl:88 validate login success
2021-04-29 19:49:55  INFO com.shopapi.revature.dao.LoginDetailsDAOImpl:61 validate login invoked!
2021-04-29 19:49:55  INFO com.shopapi.revature.dao.LoginDetailsDAOImpl:66 successfully connected to data base
2021-04-29 19:49:55  INFO com.shopapi.revature.dao.LoginDetailsDAOImpl:88 validate login success
2021-04-29 19:50:37  INFO com.shopapi.revature.dao.LoginDetailsDAOImpl:61 validate login invoked!
2021-04-29 19:50:37  INFO com.shopapi.revature.dao.LoginDetailsDAOImpl:66 successfully connected to data base
2021-04-29 19:50:37  INFO com.shopapi.revature.dao.LoginDetailsDAOImpl:88 validate login success
2021-04-29 19:50:51  INFO com.shopapi.revature.dao.LoginDetailsDAOImpl:61 validate login invoked!
2021-04-29 19:50:51  INFO com.shopapi.revature.dao.LoginDetailsDAOImpl:66 successfully connected to data base
2021-04-29 19:50:51  INFO com.shopapi.revature.dao.LoginDetailsDAOImpl:88 validate login success
2021-04-29 19:53:30  INFO com.shopapi.revature.dao.LoginDetailsDAOImpl:61 validate login invoked!
2021-04-29 19:53:30  INFO com.shopapi.revature.dao.LoginDetailsDAOImpl:66 successfully connected to data base
2021-04-29 19:54:45  INFO com.shopapi.revature.dao.LoginDetailsDAOImpl:61 validate login invoked!
2021-04-29 19:54:45  INFO com.shopapi.revature.dao.LoginDetailsDAOImpl:66 successfully connected to data base
2021-04-29 19:55:19  INFO com.shopapi.revature.dao.LoginDetailsDAOImpl:61 validate login invoked!
2021-04-29 19:55:19  INFO com.shopapi.revature.dao.LoginDetailsDAOImpl:66 successfully connected to data base
2021-04-29 19:55:19  INFO com.shopapi.revature.dao.LoginDetailsDAOImpl:89 validate login success
2021-04-29 19:56:21  INFO com.shopapi.revature.dao.LoginDetailsDAOImpl:61 validate login invoked!
2021-04-29 19:56:21  INFO com.shopapi.revature.dao.LoginDetailsDAOImpl:66 successfully connected to data base
2021-04-29 19:56:21  INFO com.shopapi.revature.dao.LoginDetailsDAOImpl:89 validate login success
2021-04-29 20:04:30  INFO com.shopapi.revature.dao.LoginDetailsDAOImpl:62 validate login invoked!
2021-04-29 20:04:30  INFO com.shopapi.revature.dao.LoginDetailsDAOImpl:67 successfully connected to data base
2021-04-29 20:04:30  INFO com.shopapi.revature.dao.LoginDetailsDAOImpl:92 validate login success
2021-04-29 20:04:41  INFO com.shopapi.revature.dao.LoginDetailsDAOImpl:62 validate login invoked!
2021-04-29 20:04:41  INFO com.shopapi.revature.dao.LoginDetailsDAOImpl:67 successfully connected to data base
2021-04-29 20:05:19  INFO com.shopapi.revature.dao.LoginDetailsDAOImpl:62 validate login invoked!
2021-04-29 20:05:19  INFO com.shopapi.revature.dao.LoginDetailsDAOImpl:67 successfully connected to data base
2021-04-29 20:05:37  INFO com.shopapi.revature.dao.LoginDetailsDAOImpl:62 validate login invoked!
2021-04-29 20:05:37  INFO com.shopapi.revature.dao.LoginDetailsDAOImpl:67 successfully connected to data base
2021-04-29 20:06:27  INFO com.shopapi.revature.dao.LoginDetailsDAOImpl:62 validate login invoked!
2021-04-29 20:06:27  INFO com.shopapi.revature.dao.LoginDetailsDAOImpl:67 successfully connected to data base
2021-04-29 20:59:00  INFO com.shopapi.revature.controller.CustomerApplication:17 customer application portal started
2021-04-29 20:59:33  INFO com.shopapi.revature.controller.CustomerApplication:28 create user login function started
2021-04-29 20:59:43  INFO com.shopapi.revature.dao.UserDAOImpl:43 list user invoked
2021-04-29 20:59:43  INFO com.shopapi.revature.dao.UserDAOImpl:47 successfully connected to data base
2021-04-29 20:59:43  INFO com.shopapi.revature.dao.UserDAOImpl:63 list user completed
2021-04-29 20:59:43  INFO com.shopapi.revature.dao.LoginDetailsDAOImpl:25 add login details invoked
2021-04-29 20:59:43  INFO com.shopapi.revature.dao.LoginDetailsDAOImpl:27 successfully connected to data base
2021-04-29 20:59:43  INFO com.shopapi.revature.dao.LoginDetailsDAOImpl:38 add login details success
2021-04-29 20:59:43  INFO com.shopapi.revature.controller.CustomerApplication:36 create user account function completed
2021-04-29 21:13:46  INFO com.shopapi.revature.controller.CustomerApplication:17 customer application portal started
2021-04-29 21:13:52  INFO com.shopapi.revature.controller.CustomerApplication:45 user login function stared
2021-04-29 21:13:59  INFO com.shopapi.revature.dao.LoginDetailsDAOImpl:62 validate login invoked!
2021-04-29 21:13:59  INFO com.shopapi.revature.dao.LoginDetailsDAOImpl:67 successfully connected to data base
2021-04-29 21:13:59  INFO com.shopapi.revature.dao.LoginDetailsDAOImpl:92 validate login success
2021-04-29 21:14:04  INFO com.shopapi.revature.controller.CustomerApplication:45 user login function stared
2021-04-29 21:14:11  INFO com.shopapi.revature.dao.LoginDetailsDAOImpl:62 validate login invoked!
2021-04-29 21:14:11  INFO com.shopapi.revature.dao.LoginDetailsDAOImpl:67 successfully connected to data base
2021-04-29 21:14:11  INFO com.shopapi.revature.controller.CustomerApplication:56 user login function failed
2021-04-29 21:14:58  INFO com.shopapi.revature.controller.CustomerApplication:45 user login function stared
2021-04-29 21:15:06  INFO com.shopapi.revature.dao.LoginDetailsDAOImpl:62 validate login invoked!
2021-04-29 21:15:06  INFO com.shopapi.revature.dao.LoginDetailsDAOImpl:67 successfully connected to data base
2021-04-29 21:15:06  INFO com.shopapi.revature.dao.LoginDetailsDAOImpl:92 validate login success
2021-04-29 21:15:26  INFO com.shopapi.revature.controller.CustomerApplication:45 user login function stared
2021-04-29 21:15:30  INFO com.shopapi.revature.dao.LoginDetailsDAOImpl:62 validate login invoked!
2021-04-29 21:15:30  INFO com.shopapi.revature.dao.LoginDetailsDAOImpl:67 successfully connected to data base
2021-04-29 21:15:30  INFO com.shopapi.revature.dao.LoginDetailsDAOImpl:92 validate login success
2021-04-29 21:15:51  INFO com.shopapi.revature.controller.CustomerApplication:45 user login function stared
2021-04-29 21:16:05  INFO com.shopapi.revature.dao.LoginDetailsDAOImpl:62 validate login invoked!
2021-04-29 21:16:05  INFO com.shopapi.revature.dao.LoginDetailsDAOImpl:67 successfully connected to data base
2021-04-29 21:16:05  INFO com.shopapi.revature.dao.LoginDetailsDAOImpl:92 validate login success
2021-04-29 21:16:55  INFO com.shopapi.revature.controller.CustomerApplication:17 customer application portal started
2021-04-29 21:16:57  INFO com.shopapi.revature.controller.CustomerApplication:45 user login function stared
2021-04-29 21:17:03  INFO com.shopapi.revature.dao.LoginDetailsDAOImpl:62 validate login invoked!
2021-04-29 21:17:03  INFO com.shopapi.revature.dao.LoginDetailsDAOImpl:67 successfully connected to data base
2021-04-29 21:17:03  INFO com.shopapi.revature.dao.LoginDetailsDAOImpl:92 validate login success
2021-04-29 22:38:51  INFO com.shopapi.revature.controller.CustomerApplication:17 customer application portal started
2021-04-29 22:38:57  INFO com.shopapi.revature.controller.CustomerApplication:45 user login function stared
2021-04-29 22:39:04  INFO com.shopapi.revature.dao.LoginDetailsDAOImpl:63 validate login invoked!
2021-04-29 22:39:04  INFO com.shopapi.revature.dao.LoginDetailsDAOImpl:67 successfully connected to data base
2021-04-29 22:39:04  INFO com.shopapi.revature.dao.LoginDetailsDAOImpl:90 validate login completed
2021-04-29 22:39:04  INFO com.shopapi.revature.controller.CustomerApplication:55 user login success
2021-04-29 22:39:16  INFO com.shopapi.revature.controller.CustomerApplication:17 customer application portal started
2021-04-29 22:39:21  INFO com.shopapi.revature.controller.CustomerApplication:45 user login function stared
2021-04-29 22:39:24  INFO com.shopapi.revature.dao.LoginDetailsDAOImpl:63 validate login invoked!
2021-04-29 22:39:24  INFO com.shopapi.revature.dao.LoginDetailsDAOImpl:67 successfully connected to data base
2021-04-29 22:39:24  INFO com.shopapi.revature.dao.LoginDetailsDAOImpl:90 validate login completed
2021-04-29 22:41:51  INFO com.shopapi.revature.controller.CustomerApplication:18 customer application portal started
2021-04-29 22:41:53  INFO com.shopapi.revature.controller.CustomerApplication:46 user login function stared
2021-04-29 22:41:56  INFO com.shopapi.revature.dao.LoginDetailsDAOImpl:63 validate login invoked!
2021-04-29 22:41:56  INFO com.shopapi.revature.dao.LoginDetailsDAOImpl:67 successfully connected to data base
2021-04-29 22:41:56  INFO com.shopapi.revature.dao.LoginDetailsDAOImpl:90 validate login completed
2021-04-29 22:41:56  INFO com.shopapi.revature.controller.CustomerApplication:66 user login function failed
2021-04-29 22:47:15  INFO com.shopapi.revature.controller.CustomerApplication:18 customer application portal started
2021-04-29 22:47:17  INFO com.shopapi.revature.controller.CustomerApplication:45 user login function stared
2021-04-29 22:47:19  INFO com.shopapi.revature.dao.LoginDetailsDAOImpl:63 validate login invoked!
2021-04-29 22:47:20  INFO com.shopapi.revature.dao.LoginDetailsDAOImpl:67 successfully connected to data base
2021-04-29 22:47:20  INFO com.shopapi.revature.dao.LoginDetailsDAOImpl:90 validate login completed
2021-04-29 22:47:20  INFO com.shopapi.revature.controller.CustomerApplication:62 user login function failed
2021-04-30 07:14:32  INFO com.shopapi.revature.controller.CustomerApplication:20 customer application portal started
2021-04-30 07:14:35  INFO com.shopapi.revature.controller.CustomerApplication:49 user login function stared
2021-04-30 07:14:43  INFO com.shopapi.revature.dao.LoginDetailsDAOImpl:63 validate login invoked!
2021-04-30 07:14:43  INFO com.shopapi.revature.dao.LoginDetailsDAOImpl:67 successfully connected to data base
2021-04-30 07:14:43  INFO com.shopapi.revature.dao.LoginDetailsDAOImpl:90 validate login completed
2021-04-30 07:14:43  INFO com.shopapi.revature.controller.CustomerApplication:59 user login success
2021-04-30 07:14:43  INFO com.shopapi.revature.dao.CustomerDAOImpl:66 get customer by login id invoked
2021-04-30 07:14:43  INFO com.shopapi.revature.dao.CustomerDAOImpl:69 successfully connected to data base
2021-04-30 07:14:43  INFO com.shopapi.revature.dao.CustomerDAOImpl:84 get customer by login id failed
2021-04-30 07:14:43  INFO com.shopapi.revature.dao.CustomerDAOImpl:87 validate login completed
2021-04-30 07:14:43  INFO com.shopapi.revature.controller.CustomerApplication:93 user login function failed
2021-04-30 07:16:48  INFO com.shopapi.revature.controller.CustomerApplication:20 customer application portal started
2021-04-30 07:16:50  INFO com.shopapi.revature.controller.CustomerApplication:49 user login function stared
2021-04-30 07:17:02  INFO com.shopapi.revature.dao.LoginDetailsDAOImpl:63 validate login invoked!
2021-04-30 07:17:02  INFO com.shopapi.revature.dao.LoginDetailsDAOImpl:67 successfully connected to data base
2021-04-30 07:17:02  INFO com.shopapi.revature.dao.LoginDetailsDAOImpl:90 validate login completed
2021-04-30 07:17:02  INFO com.shopapi.revature.controller.CustomerApplication:95 user login function failed
2021-04-30 07:17:25  INFO com.shopapi.revature.controller.CustomerApplication:49 user login function stared
2021-04-30 07:17:34  INFO com.shopapi.revature.dao.LoginDetailsDAOImpl:63 validate login invoked!
2021-04-30 07:17:34  INFO com.shopapi.revature.dao.LoginDetailsDAOImpl:67 successfully connected to data base
2021-04-30 07:17:34  INFO com.shopapi.revature.dao.LoginDetailsDAOImpl:90 validate login completed
2021-04-30 07:17:34  INFO com.shopapi.revature.controller.CustomerApplication:59 user login success
2021-04-30 07:17:34  INFO com.shopapi.revature.dao.CustomerDAOImpl:66 get customer by login id invoked
2021-04-30 07:17:34  INFO com.shopapi.revature.dao.CustomerDAOImpl:69 successfully connected to data base
2021-04-30 07:17:34  INFO com.shopapi.revature.dao.CustomerDAOImpl:87 validate login completed
2021-04-30 07:17:34  INFO com.shopapi.revature.controller.CustomerApplication:95 user login function failed
2021-04-30 07:20:53  INFO com.shopapi.revature.controller.CustomerApplication:20 customer application portal started
2021-04-30 07:20:55  INFO com.shopapi.revature.controller.CustomerApplication:49 user login function stared
2021-04-30 07:21:03  INFO com.shopapi.revature.dao.LoginDetailsDAOImpl:63 validate login invoked!
2021-04-30 07:21:03  INFO com.shopapi.revature.dao.LoginDetailsDAOImpl:67 successfully connected to data base
2021-04-30 07:21:03  INFO com.shopapi.revature.dao.LoginDetailsDAOImpl:90 validate login completed
2021-04-30 07:21:03  INFO com.shopapi.revature.controller.CustomerApplication:59 user login success
2021-04-30 07:21:03  INFO com.shopapi.revature.dao.CustomerDAOImpl:66 get customer by login id invoked
2021-04-30 07:21:03  INFO com.shopapi.revature.dao.CustomerDAOImpl:69 successfully connected to data base
2021-04-30 07:21:03  INFO com.shopapi.revature.dao.CustomerDAOImpl:87 validate login completed
2021-04-30 07:50:43  INFO com.shopapi.revature.controller.CustomerApplication:20 customer application portal started
2021-04-30 07:50:56  INFO com.shopapi.revature.controller.CustomerApplication:49 user login function stared
2021-04-30 07:51:07  INFO com.shopapi.revature.dao.LoginDetailsDAOImpl:63 validate login invoked!
2021-04-30 07:51:08  INFO com.shopapi.revature.dao.LoginDetailsDAOImpl:67 successfully connected to data base
2021-04-30 07:51:08  INFO com.shopapi.revature.dao.LoginDetailsDAOImpl:90 validate login completed
2021-04-30 07:51:08  INFO com.shopapi.revature.controller.CustomerApplication:59 user login success
2021-04-30 07:51:08  INFO com.shopapi.revature.dao.CustomerDAOImpl:66 get customer by login id invoked
2021-04-30 07:51:08  INFO com.shopapi.revature.dao.CustomerDAOImpl:69 successfully connected to data base
2021-04-30 07:51:08  INFO com.shopapi.revature.dao.CustomerDAOImpl:87 get customer by login id completed
