2021-05-22 13:45:56  INFO com.ersproject.dao.ReimDAOImpl:182 view reimbursement recored invoked
2021-05-22 13:45:57  INFO com.ersproject.dao.ReimDAOImpl:216 view reimbursement recored completed
2021-05-22 13:46:50  INFO com.ersproject.dao.UserDAOImpl:23 validate login invoked!
2021-05-22 13:46:51  INFO com.ersproject.dao.UserDAOImpl:42 validate login completed
2021-05-22 13:46:51  INFO com.ersproject.dao.UserDAOImpl:48 view personal information invoked
2021-05-22 13:46:52  INFO com.ersproject.dao.UserDAOImpl:71 view personal information completed
2021-05-22 13:46:55  INFO com.ersproject.dao.ReimDAOImpl:182 view reimbursement recored invoked
2021-05-22 13:46:56  INFO com.ersproject.dao.ReimDAOImpl:216 view reimbursement recored completed
2021-05-22 13:52:23  INFO com.ersproject.dao.UserDAOImpl:23 validate login invoked!
2021-05-22 13:52:24  INFO com.ersproject.dao.UserDAOImpl:42 validate login completed
2021-05-22 13:52:24  INFO com.ersproject.dao.UserDAOImpl:48 view personal information invoked
2021-05-22 13:52:24  INFO com.ersproject.dao.UserDAOImpl:71 view personal information completed
2021-05-22 13:54:38  INFO com.ersproject.dao.UserDAOImpl:23 validate login invoked!
2021-05-22 13:54:39  INFO com.ersproject.dao.UserDAOImpl:42 validate login completed
2021-05-22 13:54:39  INFO com.ersproject.dao.UserDAOImpl:48 view personal information invoked
2021-05-22 13:54:39  INFO com.ersproject.dao.UserDAOImpl:71 view personal information completed
2021-05-22 13:59:40  INFO com.ersproject.dao.ReimDAOImpl:182 view reimbursement recored invoked
2021-05-22 13:59:41  INFO com.ersproject.dao.ReimDAOImpl:216 view reimbursement recored completed
2021-05-22 13:59:47  INFO com.ersproject.dao.ReimDAOImpl:222 view reimbursement recored invoked
2021-05-22 13:59:47  INFO com.ersproject.dao.ReimDAOImpl:253 view reimbursement recored completed
2021-05-22 13:59:53  INFO com.ersproject.dao.ReimDAOImpl:182 view reimbursement recored invoked
2021-05-22 13:59:53  INFO com.ersproject.dao.ReimDAOImpl:216 view reimbursement recored completed
2021-05-22 13:59:56  INFO com.ersproject.dao.ReimDAOImpl:222 view reimbursement recored invoked
2021-05-22 13:59:56  INFO com.ersproject.dao.ReimDAOImpl:253 view reimbursement recored completed
2021-05-22 14:00:12  INFO com.ersproject.dao.ReimDAOImpl:222 view reimbursement recored invoked
2021-05-22 14:00:12  INFO com.ersproject.dao.ReimDAOImpl:253 view reimbursement recored completed
2021-05-22 14:04:05  INFO com.ersproject.dao.ReimDAOImpl:222 view reimbursement recored invoked
2021-05-22 14:04:06  INFO com.ersproject.dao.ReimDAOImpl:253 view reimbursement recored completed
2021-05-22 14:07:40  INFO com.ersproject.dao.UserDAOImpl:23 validate login invoked!
2021-05-22 14:07:42  INFO com.ersproject.dao.UserDAOImpl:42 validate login completed
2021-05-22 14:07:42  INFO com.ersproject.dao.UserDAOImpl:48 view personal information invoked
2021-05-22 14:07:42  INFO com.ersproject.dao.UserDAOImpl:71 view personal information completed
2021-05-22 14:07:46  INFO com.ersproject.dao.ReimDAOImpl:222 view reimbursement recored invoked
2021-05-22 14:07:46  INFO com.ersproject.dao.ReimDAOImpl:253 view reimbursement recored completed
2021-05-22 14:07:52  INFO com.ersproject.dao.ReimDAOImpl:222 view reimbursement recored invoked
2021-05-22 14:07:52  INFO com.ersproject.dao.ReimDAOImpl:253 view reimbursement recored completed
2021-05-22 14:08:02  INFO com.ersproject.dao.ReimDAOImpl:222 view reimbursement recored invoked
2021-05-22 14:08:03  INFO com.ersproject.dao.ReimDAOImpl:253 view reimbursement recored completed
2021-05-22 14:08:43  INFO com.ersproject.dao.ReimDAOImpl:222 view reimbursement recored invoked
2021-05-22 14:08:44  INFO com.ersproject.dao.ReimDAOImpl:253 view reimbursement recored completed
2021-05-22 14:09:56  INFO com.ersproject.dao.ReimDAOImpl:182 view reimbursement recored invoked
2021-05-22 14:09:57  INFO com.ersproject.dao.ReimDAOImpl:216 view reimbursement recored completed
2021-05-22 14:13:38  INFO com.ersproject.dao.ReimDAOImpl:222 view reimbursement recored invoked
2021-05-22 14:13:39  INFO com.ersproject.dao.ReimDAOImpl:253 view reimbursement recored completed
2021-05-22 14:18:09  INFO com.ersproject.dao.UserDAOImpl:23 validate login invoked!
2021-05-22 14:18:10  INFO com.ersproject.dao.UserDAOImpl:42 validate login completed
2021-05-22 14:18:10  INFO com.ersproject.dao.UserDAOImpl:48 view personal information invoked
2021-05-22 14:18:11  INFO com.ersproject.dao.UserDAOImpl:71 view personal information completed
2021-05-22 14:18:13  INFO com.ersproject.dao.UserDAOImpl:99 view personal information invoked
2021-05-22 14:18:13  INFO com.ersproject.dao.UserDAOImpl:122 list all users completed
2021-05-22 14:18:18  INFO com.ersproject.dao.ReimDAOImpl:182 view reimbursement recored invoked
2021-05-22 14:18:19  INFO com.ersproject.dao.ReimDAOImpl:216 view reimbursement recored completed
2021-05-22 14:21:12  INFO com.ersproject.dao.ReimDAOImpl:182 view reimbursement recored invoked
2021-05-22 14:21:13  INFO com.ersproject.dao.ReimDAOImpl:216 view reimbursement recored completed
2021-05-22 14:22:22  INFO com.ersproject.dao.UserDAOImpl:23 validate login invoked!
2021-05-22 14:22:23  INFO com.ersproject.dao.UserDAOImpl:42 validate login completed
2021-05-22 14:22:23  INFO com.ersproject.dao.UserDAOImpl:48 view personal information invoked
2021-05-22 14:22:24  INFO com.ersproject.dao.UserDAOImpl:71 view personal information completed
2021-05-22 14:23:11  INFO com.ersproject.dao.UserDAOImpl:23 validate login invoked!
2021-05-22 14:23:12  INFO com.ersproject.dao.UserDAOImpl:42 validate login completed
2021-05-22 14:23:12  INFO com.ersproject.dao.UserDAOImpl:48 view personal information invoked
2021-05-22 14:23:13  INFO com.ersproject.dao.UserDAOImpl:71 view personal information completed
2021-05-22 14:25:49  INFO com.ersproject.dao.UserDAOImpl:23 validate login invoked!
2021-05-22 14:25:51  INFO com.ersproject.dao.UserDAOImpl:42 validate login completed
2021-05-22 14:25:51  INFO com.ersproject.dao.UserDAOImpl:48 view personal information invoked
2021-05-22 14:25:51  INFO com.ersproject.dao.UserDAOImpl:71 view personal information completed
2021-05-22 14:26:04  INFO com.ersproject.dao.ReimDAOImpl:222 view reimbursement recored invoked
2021-05-22 14:26:05  INFO com.ersproject.dao.ReimDAOImpl:253 view reimbursement recored completed
2021-05-22 14:28:01  INFO com.ersproject.dao.UserDAOImpl:23 validate login invoked!
2021-05-22 14:28:02  INFO com.ersproject.dao.UserDAOImpl:42 validate login completed
2021-05-22 14:28:02  INFO com.ersproject.dao.UserDAOImpl:48 view personal information invoked
2021-05-22 14:28:02  INFO com.ersproject.dao.UserDAOImpl:71 view personal information completed
2021-05-22 14:28:13  INFO com.ersproject.dao.ReimDAOImpl:222 view reimbursement recored invoked
2021-05-22 14:28:13  INFO com.ersproject.dao.ReimDAOImpl:253 view reimbursement recored completed
2021-05-22 14:29:08  INFO com.ersproject.dao.ReimDAOImpl:222 view reimbursement recored invoked
2021-05-22 14:29:09  INFO com.ersproject.dao.ReimDAOImpl:253 view reimbursement recored completed
2021-05-22 14:33:03  INFO com.ersproject.dao.ReimDAOImpl:222 view reimbursement recored invoked
2021-05-22 14:33:04  INFO com.ersproject.dao.ReimDAOImpl:253 view reimbursement recored completed
2021-05-22 14:38:24  INFO com.ersproject.dao.UserDAOImpl:23 validate login invoked!
2021-05-22 14:38:25  INFO com.ersproject.dao.UserDAOImpl:42 validate login completed
2021-05-22 14:38:25  INFO com.ersproject.dao.UserDAOImpl:48 view personal information invoked
2021-05-22 14:38:25  INFO com.ersproject.dao.UserDAOImpl:71 view personal information completed
2021-05-22 14:38:30  INFO com.ersproject.dao.ReimDAOImpl:222 view reimbursement recored invoked
2021-05-22 14:38:30  INFO com.ersproject.dao.ReimDAOImpl:253 view reimbursement recored completed
2021-05-22 14:41:12  INFO com.ersproject.dao.ReimDAOImpl:222 view reimbursement recored invoked
2021-05-22 14:41:13  INFO com.ersproject.dao.ReimDAOImpl:253 view reimbursement recored completed
2021-05-22 14:45:26  INFO com.ersproject.dao.ReimDAOImpl:222 view reimbursement recored invoked
2021-05-22 14:45:27  INFO com.ersproject.dao.ReimDAOImpl:253 view reimbursement recored completed
2021-05-22 14:47:47  INFO com.ersproject.dao.ReimDAOImpl:222 view reimbursement recored invoked
2021-05-22 14:47:48  INFO com.ersproject.dao.ReimDAOImpl:253 view reimbursement recored completed
2021-05-22 14:49:14  INFO com.ersproject.dao.ReimDAOImpl:222 view reimbursement recored invoked
2021-05-22 14:49:15  INFO com.ersproject.dao.ReimDAOImpl:253 view reimbursement recored completed
2021-05-22 14:52:21  INFO com.ersproject.dao.ReimDAOImpl:222 view reimbursement recored invoked
2021-05-22 14:52:22  INFO com.ersproject.dao.ReimDAOImpl:253 view reimbursement recored completed
2021-05-22 14:52:30  INFO com.ersproject.dao.ReimDAOImpl:222 view reimbursement recored invoked
2021-05-22 14:52:31  INFO com.ersproject.dao.ReimDAOImpl:253 view reimbursement recored completed
2021-05-22 14:53:52  INFO com.ersproject.dao.ReimDAOImpl:222 view reimbursement recored invoked
2021-05-22 14:53:53  INFO com.ersproject.dao.ReimDAOImpl:253 view reimbursement recored completed
2021-05-22 14:54:28  INFO com.ersproject.dao.ReimDAOImpl:222 view reimbursement recored invoked
2021-05-22 14:54:28  INFO com.ersproject.dao.ReimDAOImpl:253 view reimbursement recored completed
2021-05-22 14:54:47  INFO com.ersproject.dao.ReimDAOImpl:182 view reimbursement recored invoked
2021-05-22 14:54:47  INFO com.ersproject.dao.ReimDAOImpl:216 view reimbursement recored completed
2021-05-22 14:54:50  INFO com.ersproject.dao.ReimDAOImpl:222 view reimbursement recored invoked
2021-05-22 14:54:51  INFO com.ersproject.dao.ReimDAOImpl:253 view reimbursement recored completed
2021-05-22 15:04:56  INFO com.ersproject.dao.UserDAOImpl:23 validate login invoked!
2021-05-22 15:04:57  INFO com.ersproject.dao.UserDAOImpl:42 validate login completed
2021-05-22 15:04:57  INFO com.ersproject.dao.UserDAOImpl:48 view personal information invoked
2021-05-22 15:04:58  INFO com.ersproject.dao.UserDAOImpl:71 view personal information completed
2021-05-22 15:20:14  INFO com.ersproject.dao.ReimDAOImpl:222 view reimbursement recored invoked
2021-05-22 15:20:15  INFO com.ersproject.dao.ReimDAOImpl:253 view reimbursement recored completed
2021-05-22 15:24:46  INFO com.ersproject.dao.ReimDAOImpl:142 view individual reimbursement recored invoked
2021-05-22 15:24:47  INFO com.ersproject.dao.ReimDAOImpl:175 view individual reimbursement recored completed
2021-05-22 15:31:33  INFO com.ersproject.dao.ReimDAOImpl:142 view individual reimbursement recored invoked
2021-05-22 15:31:34  INFO com.ersproject.dao.ReimDAOImpl:175 view individual reimbursement recored completed
2021-05-22 15:35:43  INFO com.ersproject.dao.ReimDAOImpl:142 view individual reimbursement recored invoked
2021-05-22 15:35:44  INFO com.ersproject.dao.ReimDAOImpl:175 view individual reimbursement recored completed
2021-05-22 15:41:26  INFO com.ersproject.dao.ReimDAOImpl:222 view reimbursement recored invoked
2021-05-22 15:41:28  INFO com.ersproject.dao.ReimDAOImpl:253 view reimbursement recored completed
2021-05-22 15:41:30  INFO com.ersproject.dao.ReimDAOImpl:182 view reimbursement recored invoked
2021-05-22 15:41:30  INFO com.ersproject.dao.ReimDAOImpl:216 view reimbursement recored completed
2021-05-22 15:41:36  INFO com.ersproject.dao.ReimDAOImpl:182 view reimbursement recored invoked
2021-05-22 15:41:36  INFO com.ersproject.dao.ReimDAOImpl:216 view reimbursement recored completed
2021-05-22 15:43:53  INFO com.ersproject.dao.ReimDAOImpl:182 view reimbursement recored invoked
2021-05-22 15:43:54  INFO com.ersproject.dao.ReimDAOImpl:216 view reimbursement recored completed
2021-05-22 15:47:30  INFO com.ersproject.dao.ReimDAOImpl:142 view individual reimbursement recored invoked
2021-05-22 15:47:31  INFO com.ersproject.dao.ReimDAOImpl:175 view individual reimbursement recored completed
2021-05-22 15:48:02  INFO com.ersproject.dao.ReimDAOImpl:142 view individual reimbursement recored invoked
2021-05-22 15:48:03  INFO com.ersproject.dao.ReimDAOImpl:175 view individual reimbursement recored completed
2021-05-22 15:48:09  INFO com.ersproject.dao.ReimDAOImpl:142 view individual reimbursement recored invoked
2021-05-22 15:48:09  INFO com.ersproject.dao.ReimDAOImpl:175 view individual reimbursement recored completed
2021-05-22 15:48:15  INFO com.ersproject.dao.ReimDAOImpl:142 view individual reimbursement recored invoked
2021-05-22 15:48:16  INFO com.ersproject.dao.ReimDAOImpl:175 view individual reimbursement recored completed
2021-05-22 15:49:03  INFO com.ersproject.dao.ReimDAOImpl:142 view individual reimbursement recored invoked
2021-05-22 15:49:04  INFO com.ersproject.dao.ReimDAOImpl:175 view individual reimbursement recored completed
2021-05-22 15:49:15  INFO com.ersproject.dao.ReimDAOImpl:142 view individual reimbursement recored invoked
2021-05-22 15:49:16  INFO com.ersproject.dao.ReimDAOImpl:175 view individual reimbursement recored completed
2021-05-22 15:49:23  INFO com.ersproject.dao.ReimDAOImpl:142 view individual reimbursement recored invoked
2021-05-22 15:49:23  INFO com.ersproject.dao.ReimDAOImpl:175 view individual reimbursement recored completed
2021-05-22 15:49:28  INFO com.ersproject.dao.ReimDAOImpl:142 view individual reimbursement recored invoked
2021-05-22 15:49:28  INFO com.ersproject.dao.ReimDAOImpl:175 view individual reimbursement recored completed
2021-05-22 16:19:40  INFO com.ersproject.dao.ReimDAOImpl:222 view reimbursement recored invoked
2021-05-22 16:19:40  INFO com.ersproject.dao.ReimDAOImpl:253 view reimbursement recored completed
2021-05-22 16:54:02  INFO com.ersproject.dao.ReimDAOImpl:222 view reimbursement recored invoked
2021-05-22 16:54:03  INFO com.ersproject.dao.ReimDAOImpl:253 view reimbursement recored completed
2021-05-22 16:54:16  INFO com.ersproject.dao.ReimDAOImpl:222 view reimbursement recored invoked
2021-05-22 16:54:17  INFO com.ersproject.dao.ReimDAOImpl:253 view reimbursement recored completed
2021-05-22 16:57:35  INFO com.ersproject.dao.ReimDAOImpl:222 view reimbursement recored invoked
2021-05-22 16:57:36  INFO com.ersproject.dao.ReimDAOImpl:253 view reimbursement recored completed
2021-05-22 17:10:34  INFO com.ersproject.dao.ReimDAOImpl:222 view reimbursement recored invoked
2021-05-22 17:10:35  INFO com.ersproject.dao.ReimDAOImpl:253 view reimbursement recored completed
2021-05-22 17:14:10  INFO com.ersproject.dao.ReimDAOImpl:222 view reimbursement recored invoked
2021-05-22 17:14:10  INFO com.ersproject.dao.ReimDAOImpl:253 view reimbursement recored completed
2021-05-22 17:18:28  INFO com.ersproject.dao.ReimDAOImpl:222 view reimbursement recored invoked
2021-05-22 17:18:29  INFO com.ersproject.dao.ReimDAOImpl:253 view reimbursement recored completed
2021-05-22 17:34:11  INFO com.ersproject.dao.ReimDAOImpl:222 view reimbursement recored invoked
2021-05-22 17:34:12  INFO com.ersproject.dao.ReimDAOImpl:253 view reimbursement recored completed
2021-05-22 17:34:20  INFO com.ersproject.dao.ReimDAOImpl:222 view reimbursement recored invoked
2021-05-22 17:34:20  INFO com.ersproject.dao.ReimDAOImpl:253 view reimbursement recored completed
2021-05-22 17:34:25  INFO com.ersproject.dao.ReimDAOImpl:182 view reimbursement recored invoked
2021-05-22 17:34:26  INFO com.ersproject.dao.ReimDAOImpl:216 view reimbursement recored completed
2021-05-22 17:34:30  INFO com.ersproject.dao.ReimDAOImpl:222 view reimbursement recored invoked
2021-05-22 17:34:30  INFO com.ersproject.dao.ReimDAOImpl:253 view reimbursement recored completed
2021-05-22 17:35:51  INFO com.ersproject.dao.ReimDAOImpl:222 view reimbursement recored invoked
2021-05-22 17:35:52  INFO com.ersproject.dao.ReimDAOImpl:253 view reimbursement recored completed
2021-05-22 17:35:55  INFO com.ersproject.dao.ReimDAOImpl:182 view reimbursement recored invoked
2021-05-22 17:35:56  INFO com.ersproject.dao.ReimDAOImpl:216 view reimbursement recored completed
2021-05-22 17:35:58  INFO com.ersproject.dao.ReimDAOImpl:222 view reimbursement recored invoked
2021-05-22 17:35:59  INFO com.ersproject.dao.ReimDAOImpl:253 view reimbursement recored completed
2021-05-22 17:38:18  INFO com.ersproject.dao.ReimDAOImpl:222 view reimbursement recored invoked
2021-05-22 17:38:19  INFO com.ersproject.dao.ReimDAOImpl:253 view reimbursement recored completed
2021-05-22 17:38:19  INFO com.ersproject.dao.ReimDAOImpl:222 view reimbursement recored invoked
2021-05-22 17:38:20  INFO com.ersproject.dao.ReimDAOImpl:253 view reimbursement recored completed
2021-05-22 17:38:20  INFO com.ersproject.dao.ReimDAOImpl:222 view reimbursement recored invoked
2021-05-22 17:38:20  INFO com.ersproject.dao.ReimDAOImpl:253 view reimbursement recored completed
2021-05-22 17:38:20  INFO com.ersproject.dao.ReimDAOImpl:222 view reimbursement recored invoked
2021-05-22 17:38:21  INFO com.ersproject.dao.ReimDAOImpl:253 view reimbursement recored completed
2021-05-22 17:43:12  INFO com.ersproject.dao.ReimDAOImpl:222 view reimbursement recored invoked
2021-05-22 17:43:13  INFO com.ersproject.dao.ReimDAOImpl:253 view reimbursement recored completed
2021-05-22 18:01:50  INFO com.ersproject.dao.ReimDAOImpl:222 view reimbursement recored invoked
2021-05-22 18:01:51  INFO com.ersproject.dao.ReimDAOImpl:253 view reimbursement recored completed
2021-05-22 18:08:58  INFO com.ersproject.dao.ReimDAOImpl:222 view reimbursement recored invoked
2021-05-22 18:08:59  INFO com.ersproject.dao.ReimDAOImpl:253 view reimbursement recored completed
2021-05-22 18:16:16  INFO com.ersproject.dao.ReimDAOImpl:222 view reimbursement recored invoked
2021-05-22 18:16:18  INFO com.ersproject.dao.ReimDAOImpl:253 view reimbursement recored completed
2021-05-22 18:21:37  INFO com.ersproject.dao.UserDAOImpl:23 validate login invoked!
2021-05-22 18:21:38  INFO com.ersproject.dao.UserDAOImpl:42 validate login completed
2021-05-22 18:21:38  INFO com.ersproject.dao.UserDAOImpl:48 view personal information invoked
2021-05-22 18:21:39  INFO com.ersproject.dao.UserDAOImpl:71 view personal information completed
2021-05-22 18:21:43  INFO com.ersproject.dao.ReimDAOImpl:222 view reimbursement recored invoked
2021-05-22 18:21:44  INFO com.ersproject.dao.ReimDAOImpl:253 view reimbursement recored completed
2021-05-22 18:23:45  INFO com.ersproject.dao.ReimDAOImpl:222 view reimbursement recored invoked
2021-05-22 18:23:47  INFO com.ersproject.dao.ReimDAOImpl:253 view reimbursement recored completed
2021-05-22 18:24:11  INFO com.ersproject.dao.UserDAOImpl:23 validate login invoked!
2021-05-22 18:24:11  INFO com.ersproject.dao.UserDAOImpl:42 validate login completed
2021-05-22 18:24:11  INFO com.ersproject.dao.UserDAOImpl:48 view personal information invoked
2021-05-22 18:24:12  INFO com.ersproject.dao.UserDAOImpl:71 view personal information completed
2021-05-22 18:24:16  INFO com.ersproject.dao.ReimDAOImpl:222 view reimbursement recored invoked
2021-05-22 18:24:16  INFO com.ersproject.dao.ReimDAOImpl:253 view reimbursement recored completed
2021-05-22 18:29:56  INFO com.ersproject.dao.UserDAOImpl:23 validate login invoked!
2021-05-22 18:29:57  INFO com.ersproject.dao.UserDAOImpl:42 validate login completed
2021-05-22 18:29:57  INFO com.ersproject.dao.UserDAOImpl:48 view personal information invoked
2021-05-22 18:29:58  INFO com.ersproject.dao.UserDAOImpl:71 view personal information completed
2021-05-22 18:30:28  INFO com.ersproject.dao.ReimDAOImpl:182 view reimbursement recored invoked
2021-05-22 18:30:29  INFO com.ersproject.dao.ReimDAOImpl:216 view reimbursement recored completed
2021-05-22 18:30:32  INFO com.ersproject.dao.ReimDAOImpl:222 view reimbursement recored invoked
2021-05-22 18:30:32  INFO com.ersproject.dao.ReimDAOImpl:253 view reimbursement recored completed
2021-05-22 18:35:14  INFO com.ersproject.dao.ReimDAOImpl:222 view reimbursement recored invoked
2021-05-22 18:35:15  INFO com.ersproject.dao.ReimDAOImpl:253 view reimbursement recored completed
2021-05-22 18:36:45  INFO com.ersproject.dao.ReimDAOImpl:222 view reimbursement recored invoked
2021-05-22 18:36:47  INFO com.ersproject.dao.ReimDAOImpl:253 view reimbursement recored completed
2021-05-22 19:00:52  INFO com.ersproject.dao.ReimDAOImpl:222 view reimbursement recored invoked
2021-05-22 19:00:53  INFO com.ersproject.dao.ReimDAOImpl:253 view reimbursement recored completed
2021-05-22 19:00:53  INFO com.ersproject.dao.ReimDAOImpl:222 view reimbursement recored invoked
2021-05-22 19:00:54  INFO com.ersproject.dao.ReimDAOImpl:253 view reimbursement recored completed
2021-05-22 19:00:54  INFO com.ersproject.dao.ReimDAOImpl:222 view reimbursement recored invoked
2021-05-22 19:00:54  INFO com.ersproject.dao.ReimDAOImpl:253 view reimbursement recored completed
2021-05-22 19:00:54  INFO com.ersproject.dao.ReimDAOImpl:222 view reimbursement recored invoked
2021-05-22 19:00:55  INFO com.ersproject.dao.ReimDAOImpl:253 view reimbursement recored completed
2021-05-22 19:06:31  INFO com.ersproject.dao.ReimDAOImpl:222 view reimbursement recored invoked
2021-05-22 19:06:32  INFO com.ersproject.dao.ReimDAOImpl:253 view reimbursement recored completed
2021-05-22 19:11:47  INFO com.ersproject.dao.ReimDAOImpl:222 view reimbursement recored invoked
2021-05-22 19:11:49  INFO com.ersproject.dao.ReimDAOImpl:253 view reimbursement recored completed
2021-05-22 19:15:06  INFO com.ersproject.dao.ReimDAOImpl:222 view reimbursement recored invoked
2021-05-22 19:15:07  INFO com.ersproject.dao.ReimDAOImpl:253 view reimbursement recored completed
2021-05-22 20:00:53  INFO com.ersproject.dao.UserDAOImpl:23 validate login invoked!
2021-05-22 20:00:55  INFO com.ersproject.dao.UserDAOImpl:42 validate login completed
2021-05-22 20:00:55  INFO com.ersproject.dao.UserDAOImpl:48 view personal information invoked
2021-05-22 20:00:55  INFO com.ersproject.dao.UserDAOImpl:71 view personal information completed
2021-05-22 20:01:06  INFO com.ersproject.dao.ReimDAOImpl:222 view reimbursement recored invoked
2021-05-22 20:01:06  INFO com.ersproject.dao.ReimDAOImpl:253 view reimbursement recored completed
2021-05-22 20:10:56  INFO com.ersproject.dao.ReimDAOImpl:222 view reimbursement recored invoked
2021-05-22 20:10:56  INFO com.ersproject.dao.ReimDAOImpl:253 view reimbursement recored completed
2021-05-22 20:22:47  INFO com.ersproject.dao.ReimDAOImpl:222 view reimbursement recored invoked
2021-05-22 20:22:48  INFO com.ersproject.dao.ReimDAOImpl:253 view reimbursement recored completed
2021-05-22 20:24:12  INFO com.ersproject.dao.ReimDAOImpl:222 view reimbursement recored invoked
2021-05-22 20:24:13  INFO com.ersproject.dao.ReimDAOImpl:253 view reimbursement recored completed
2021-05-22 20:25:17  INFO com.ersproject.dao.ReimDAOImpl:222 view reimbursement recored invoked
2021-05-22 20:25:19  INFO com.ersproject.dao.ReimDAOImpl:253 view reimbursement recored completed
2021-05-22 20:27:09  INFO com.ersproject.dao.ReimDAOImpl:222 view reimbursement recored invoked
2021-05-22 20:27:10  INFO com.ersproject.dao.ReimDAOImpl:253 view reimbursement recored completed
2021-05-22 20:29:30  INFO com.ersproject.dao.ReimDAOImpl:222 view reimbursement recored invoked
2021-05-22 20:29:31  INFO com.ersproject.dao.ReimDAOImpl:253 view reimbursement recored completed
2021-05-22 20:29:34  INFO com.ersproject.dao.ReimDAOImpl:222 view reimbursement recored invoked
2021-05-22 20:29:35  INFO com.ersproject.dao.ReimDAOImpl:253 view reimbursement recored completed
2021-05-22 20:30:28  INFO com.ersproject.dao.ReimDAOImpl:222 view reimbursement recored invoked
2021-05-22 20:30:30  INFO com.ersproject.dao.ReimDAOImpl:253 view reimbursement recored completed
2021-05-22 20:31:09  INFO com.ersproject.dao.ReimDAOImpl:222 view reimbursement recored invoked
2021-05-22 20:31:10  INFO com.ersproject.dao.ReimDAOImpl:253 view reimbursement recored completed
2021-05-22 20:33:44  INFO com.ersproject.dao.ReimDAOImpl:222 view reimbursement recored invoked
2021-05-22 20:33:46  INFO com.ersproject.dao.ReimDAOImpl:253 view reimbursement recored completed
2021-05-22 20:34:27  INFO com.ersproject.dao.ReimDAOImpl:222 view reimbursement recored invoked
2021-05-22 20:34:28  INFO com.ersproject.dao.ReimDAOImpl:253 view reimbursement recored completed
2021-05-22 20:37:02  INFO com.ersproject.dao.ReimDAOImpl:222 view reimbursement recored invoked
2021-05-22 20:37:04  INFO com.ersproject.dao.ReimDAOImpl:253 view reimbursement recored completed
2021-05-22 20:39:14  INFO com.ersproject.dao.ReimDAOImpl:222 view reimbursement recored invoked
2021-05-22 20:39:16  INFO com.ersproject.dao.ReimDAOImpl:253 view reimbursement recored completed
2021-05-22 20:41:30  INFO com.ersproject.dao.ReimDAOImpl:222 view reimbursement recored invoked
2021-05-22 20:41:31  INFO com.ersproject.dao.ReimDAOImpl:253 view reimbursement recored completed
2021-05-22 20:43:19  INFO com.ersproject.dao.ReimDAOImpl:222 view reimbursement recored invoked
2021-05-22 20:43:21  INFO com.ersproject.dao.ReimDAOImpl:253 view reimbursement recored completed
2021-05-22 20:49:30  INFO com.ersproject.dao.ReimDAOImpl:222 view reimbursement recored invoked
2021-05-22 20:49:32  INFO com.ersproject.dao.ReimDAOImpl:253 view reimbursement recored completed
2021-05-22 20:50:24  INFO com.ersproject.dao.ReimDAOImpl:222 view reimbursement recored invoked
2021-05-22 20:50:25  INFO com.ersproject.dao.ReimDAOImpl:253 view reimbursement recored completed
2021-05-22 20:50:50  INFO com.ersproject.dao.ReimDAOImpl:222 view reimbursement recored invoked
2021-05-22 20:50:51  INFO com.ersproject.dao.ReimDAOImpl:253 view reimbursement recored completed
2021-05-22 20:51:13  INFO com.ersproject.dao.ReimDAOImpl:222 view reimbursement recored invoked
2021-05-22 20:51:14  INFO com.ersproject.dao.ReimDAOImpl:253 view reimbursement recored completed
2021-05-22 21:23:23  INFO com.ersproject.dao.ReimDAOImpl:222 view reimbursement recored invoked
2021-05-22 21:23:24  INFO com.ersproject.dao.ReimDAOImpl:253 view reimbursement recored completed
2021-05-22 21:31:29  INFO com.ersproject.dao.ReimDAOImpl:222 view reimbursement recored invoked
2021-05-22 21:31:30  INFO com.ersproject.dao.ReimDAOImpl:253 view reimbursement recored completed
2021-05-22 21:31:59  INFO com.ersproject.dao.ReimDAOImpl:222 view reimbursement recored invoked
2021-05-22 21:32:00  INFO com.ersproject.dao.ReimDAOImpl:253 view reimbursement recored completed
2021-05-22 21:34:49  INFO com.ersproject.dao.ReimDAOImpl:182 view reimbursement recored invoked
2021-05-22 21:34:50  INFO com.ersproject.dao.ReimDAOImpl:216 view reimbursement recored completed
2021-05-22 21:34:52  INFO com.ersproject.dao.ReimDAOImpl:222 view reimbursement recored invoked
2021-05-22 21:34:53  INFO com.ersproject.dao.ReimDAOImpl:253 view reimbursement recored completed
2021-05-22 21:37:16  INFO com.ersproject.dao.ReimDAOImpl:222 view reimbursement recored invoked
2021-05-22 21:37:18  INFO com.ersproject.dao.ReimDAOImpl:253 view reimbursement recored completed
2021-05-22 21:38:16  INFO com.ersproject.dao.ReimDAOImpl:222 view reimbursement recored invoked
2021-05-22 21:38:17  INFO com.ersproject.dao.ReimDAOImpl:253 view reimbursement recored completed
2021-05-22 21:41:03  INFO com.ersproject.dao.ReimDAOImpl:222 view reimbursement recored invoked
2021-05-22 21:41:05  INFO com.ersproject.dao.ReimDAOImpl:253 view reimbursement recored completed
2021-05-22 21:48:20  INFO com.ersproject.dao.UserDAOImpl:23 validate login invoked!
2021-05-22 21:48:21  INFO com.ersproject.dao.UserDAOImpl:42 validate login completed
2021-05-22 21:48:21  INFO com.ersproject.dao.UserDAOImpl:48 view personal information invoked
2021-05-22 21:48:22  INFO com.ersproject.dao.UserDAOImpl:71 view personal information completed
2021-05-22 21:48:26  INFO com.ersproject.dao.ReimDAOImpl:222 view reimbursement recored invoked
2021-05-22 21:48:26  INFO com.ersproject.dao.ReimDAOImpl:253 view reimbursement recored completed
2021-05-22 21:48:59  INFO com.ersproject.dao.ReimDAOImpl:222 view reimbursement recored invoked
2021-05-22 21:48:59  INFO com.ersproject.dao.ReimDAOImpl:253 view reimbursement recored completed
2021-05-22 21:49:05  INFO com.ersproject.dao.ReimDAOImpl:222 view reimbursement recored invoked
2021-05-22 21:49:06  INFO com.ersproject.dao.ReimDAOImpl:253 view reimbursement recored completed
2021-05-22 21:49:07  INFO com.ersproject.dao.ReimDAOImpl:222 view reimbursement recored invoked
2021-05-22 21:49:07  INFO com.ersproject.dao.ReimDAOImpl:253 view reimbursement recored completed
2021-05-22 21:49:07  INFO com.ersproject.dao.ReimDAOImpl:222 view reimbursement recored invoked
2021-05-22 21:49:08  INFO com.ersproject.dao.ReimDAOImpl:253 view reimbursement recored completed
2021-05-22 21:49:08  INFO com.ersproject.dao.ReimDAOImpl:222 view reimbursement recored invoked
2021-05-22 21:49:08  INFO com.ersproject.dao.ReimDAOImpl:253 view reimbursement recored completed
2021-05-22 21:49:14  INFO com.ersproject.dao.ReimDAOImpl:222 view reimbursement recored invoked
2021-05-22 21:49:15  INFO com.ersproject.dao.ReimDAOImpl:253 view reimbursement recored completed
2021-05-22 21:49:24  INFO com.ersproject.dao.ReimDAOImpl:222 view reimbursement recored invoked
2021-05-22 21:49:24  INFO com.ersproject.dao.ReimDAOImpl:253 view reimbursement recored completed
2021-05-22 21:49:53  INFO com.ersproject.dao.ReimDAOImpl:222 view reimbursement recored invoked
2021-05-22 21:49:54  INFO com.ersproject.dao.ReimDAOImpl:253 view reimbursement recored completed
2021-05-22 21:52:10  INFO com.ersproject.dao.ReimDAOImpl:222 view reimbursement recored invoked
2021-05-22 21:52:10  INFO com.ersproject.dao.ReimDAOImpl:253 view reimbursement recored completed
2021-05-22 21:53:07  INFO com.ersproject.dao.ReimDAOImpl:222 view reimbursement recored invoked
2021-05-22 21:53:08  INFO com.ersproject.dao.ReimDAOImpl:253 view reimbursement recored completed
2021-05-22 21:55:03  INFO com.ersproject.dao.UserDAOImpl:99 view personal information invoked
2021-05-22 21:55:04  INFO com.ersproject.dao.UserDAOImpl:122 list all users completed
2021-05-22 21:55:14  INFO com.ersproject.dao.ReimDAOImpl:222 view reimbursement recored invoked
2021-05-22 21:55:14  INFO com.ersproject.dao.ReimDAOImpl:253 view reimbursement recored completed
2021-05-22 21:55:38  INFO com.ersproject.dao.ReimDAOImpl:222 view reimbursement recored invoked
2021-05-22 21:55:38  INFO com.ersproject.dao.ReimDAOImpl:253 view reimbursement recored completed
2021-05-22 22:14:23  INFO com.ersproject.dao.ReimDAOImpl:222 view reimbursement recored invoked
2021-05-22 22:14:25  INFO com.ersproject.dao.ReimDAOImpl:253 view reimbursement recored completed
2021-05-22 22:19:03  INFO com.ersproject.dao.UserDAOImpl:23 validate login invoked!
2021-05-22 22:19:04  INFO com.ersproject.dao.UserDAOImpl:42 validate login completed
2021-05-22 22:19:04  INFO com.ersproject.dao.UserDAOImpl:48 view personal information invoked
2021-05-22 22:19:04  INFO com.ersproject.dao.UserDAOImpl:71 view personal information completed
2021-05-22 22:19:10  INFO com.ersproject.dao.ReimDAOImpl:222 view reimbursement recored invoked
2021-05-22 22:19:11  INFO com.ersproject.dao.ReimDAOImpl:253 view reimbursement recored completed
2021-05-22 22:22:00  INFO com.ersproject.dao.ReimDAOImpl:182 view reimbursement recored invoked
2021-05-22 22:22:01  INFO com.ersproject.dao.ReimDAOImpl:216 view reimbursement recored completed
2021-05-22 22:22:04  INFO com.ersproject.dao.ReimDAOImpl:222 view reimbursement recored invoked
2021-05-22 22:22:04  INFO com.ersproject.dao.ReimDAOImpl:253 view reimbursement recored completed
2021-05-22 22:27:03  INFO com.ersproject.dao.UserDAOImpl:23 validate login invoked!
2021-05-22 22:27:04  INFO com.ersproject.dao.UserDAOImpl:42 validate login completed
2021-05-22 22:27:04  INFO com.ersproject.dao.UserDAOImpl:48 view personal information invoked
2021-05-22 22:27:05  INFO com.ersproject.dao.UserDAOImpl:71 view personal information completed
2021-05-22 22:27:10  INFO com.ersproject.dao.ReimDAOImpl:222 view reimbursement recored invoked
2021-05-22 22:27:10  INFO com.ersproject.dao.ReimDAOImpl:253 view reimbursement recored completed
2021-05-22 22:27:13  INFO com.ersproject.dao.ReimDAOImpl:182 view reimbursement recored invoked
2021-05-22 22:27:14  INFO com.ersproject.dao.ReimDAOImpl:216 view reimbursement recored completed
2021-05-22 22:40:24  INFO com.ersproject.dao.UserDAOImpl:23 validate login invoked!
2021-05-22 22:40:26  INFO com.ersproject.dao.UserDAOImpl:42 validate login completed
2021-05-22 22:40:26  INFO com.ersproject.dao.UserDAOImpl:48 view personal information invoked
2021-05-22 22:40:26  INFO com.ersproject.dao.UserDAOImpl:71 view personal information completed
2021-05-22 22:40:31  INFO com.ersproject.dao.ReimDAOImpl:222 view reimbursement recored invoked
2021-05-22 22:40:32  INFO com.ersproject.dao.ReimDAOImpl:253 view reimbursement recored completed
2021-05-22 22:42:53  INFO com.ersproject.dao.ReimDAOImpl:222 view reimbursement recored invoked
2021-05-22 22:42:54  INFO com.ersproject.dao.ReimDAOImpl:253 view reimbursement recored completed
2021-05-22 22:43:12  INFO com.ersproject.dao.ReimDAOImpl:222 view reimbursement recored invoked
2021-05-22 22:43:13  INFO com.ersproject.dao.ReimDAOImpl:253 view reimbursement recored completed
2021-05-23 07:03:56  INFO com.ersproject.dao.UserDAOImpl:23 validate login invoked!
2021-05-23 07:03:57  INFO com.ersproject.dao.UserDAOImpl:42 validate login completed
2021-05-23 07:03:57  INFO com.ersproject.dao.UserDAOImpl:48 view personal information invoked
2021-05-23 07:03:57  INFO com.ersproject.dao.UserDAOImpl:71 view personal information completed
2021-05-23 07:04:03  INFO com.ersproject.dao.ReimDAOImpl:222 view reimbursement recored invoked
2021-05-23 07:04:03  INFO com.ersproject.dao.ReimDAOImpl:253 view reimbursement recored completed
2021-05-23 07:04:32  INFO com.ersproject.dao.ReimDAOImpl:222 view reimbursement recored invoked
2021-05-23 07:04:33  INFO com.ersproject.dao.ReimDAOImpl:253 view reimbursement recored completed
2021-05-23 07:08:37  INFO com.ersproject.dao.ReimDAOImpl:222 view reimbursement recored invoked
2021-05-23 07:08:38  INFO com.ersproject.dao.ReimDAOImpl:253 view reimbursement recored completed
2021-05-23 07:10:55  INFO com.ersproject.dao.ReimDAOImpl:222 view reimbursement recored invoked
2021-05-23 07:10:56  INFO com.ersproject.dao.ReimDAOImpl:253 view reimbursement recored completed
2021-05-23 07:15:13  INFO com.ersproject.dao.ReimDAOImpl:222 view reimbursement recored invoked
2021-05-23 07:15:14  INFO com.ersproject.dao.ReimDAOImpl:253 view reimbursement recored completed
2021-05-23 07:41:42  INFO com.ersproject.dao.UserDAOImpl:23 validate login invoked!
2021-05-23 07:41:42  INFO com.ersproject.dao.UserDAOImpl:42 validate login completed
2021-05-23 07:41:42  INFO com.ersproject.dao.UserDAOImpl:48 view personal information invoked
2021-05-23 07:41:43  INFO com.ersproject.dao.UserDAOImpl:71 view personal information completed
2021-05-23 07:41:54  INFO com.ersproject.dao.ReimDAOImpl:222 view reimbursement recored invoked
2021-05-23 07:41:55  INFO com.ersproject.dao.ReimDAOImpl:253 view reimbursement recored completed
2021-05-23 07:42:20  INFO com.ersproject.dao.ReimDAOImpl:222 view reimbursement recored invoked
2021-05-23 07:42:21  INFO com.ersproject.dao.ReimDAOImpl:253 view reimbursement recored completed
2021-05-23 07:50:34  INFO com.ersproject.dao.ReimDAOImpl:222 view reimbursement recored invoked
2021-05-23 07:50:34  INFO com.ersproject.dao.ReimDAOImpl:253 view reimbursement recored completed
2021-05-23 07:50:43  INFO com.ersproject.dao.ReimDAOImpl:222 view reimbursement recored invoked
2021-05-23 07:50:44  INFO com.ersproject.dao.ReimDAOImpl:253 view reimbursement recored completed
2021-05-23 09:17:23  INFO com.ersproject.dao.UserDAOImpl:23 validate login invoked!
2021-05-23 09:17:24  INFO com.ersproject.dao.UserDAOImpl:42 validate login completed
2021-05-23 09:17:24  INFO com.ersproject.dao.UserDAOImpl:48 view personal information invoked
2021-05-23 09:17:25  INFO com.ersproject.dao.UserDAOImpl:71 view personal information completed
2021-05-23 09:17:29  INFO com.ersproject.dao.ReimDAOImpl:229 view reimbursement recored invoked
2021-05-23 09:17:29  INFO com.ersproject.dao.ReimDAOImpl:260 view reimbursement recored completed
2021-05-23 09:17:37  INFO com.ersproject.dao.ReimDAOImpl:105 approve reimbursement method invoked
2021-05-23 09:17:38  INFO com.ersproject.dao.ReimDAOImpl:121 approve reimbursement method completed
2021-05-23 09:17:57  INFO com.ersproject.dao.ReimDAOImpl:229 view reimbursement recored invoked
2021-05-23 09:17:58  INFO com.ersproject.dao.ReimDAOImpl:260 view reimbursement recored completed
2021-05-23 09:18:20  INFO com.ersproject.dao.ReimDAOImpl:127 reject reimbursement method invoked
2021-05-23 09:18:21  INFO com.ersproject.dao.ReimDAOImpl:143 reject reimbursement method completed
2021-05-23 09:18:24  INFO com.ersproject.dao.ReimDAOImpl:229 view reimbursement recored invoked
2021-05-23 09:18:25  INFO com.ersproject.dao.ReimDAOImpl:260 view reimbursement recored completed
2021-05-23 09:18:29  INFO com.ersproject.dao.ReimDAOImpl:189 view reimbursement recored invoked
2021-05-23 09:18:30  INFO com.ersproject.dao.ReimDAOImpl:223 view reimbursement recored completed
2021-05-23 09:19:26  INFO com.ersproject.dao.ReimDAOImpl:149 view individual reimbursement recored invoked
2021-05-23 09:19:26  INFO com.ersproject.dao.ReimDAOImpl:182 view individual reimbursement recored completed
2021-05-23 09:28:11  INFO com.ersproject.dao.ReimDAOImpl:149 view individual reimbursement recored invoked
2021-05-23 09:28:12  INFO com.ersproject.dao.ReimDAOImpl:182 view individual reimbursement recored completed
2021-05-23 09:28:20  INFO com.ersproject.dao.ReimDAOImpl:149 view individual reimbursement recored invoked
2021-05-23 09:28:20  INFO com.ersproject.dao.ReimDAOImpl:182 view individual reimbursement recored completed
2021-05-23 09:28:25  INFO com.ersproject.dao.ReimDAOImpl:149 view individual reimbursement recored invoked
2021-05-23 09:28:26  INFO com.ersproject.dao.ReimDAOImpl:182 view individual reimbursement recored completed
2021-05-23 09:37:26  INFO com.ersproject.dao.UserDAOImpl:23 validate login invoked!
2021-05-23 09:37:27  INFO com.ersproject.dao.UserDAOImpl:42 validate login completed
2021-05-23 09:37:27  INFO com.ersproject.dao.UserDAOImpl:48 view personal information invoked
2021-05-23 09:37:28  INFO com.ersproject.dao.UserDAOImpl:71 view personal information completed
2021-05-23 09:37:33  INFO com.ersproject.dao.ReimDAOImpl:229 view reimbursement recored invoked
2021-05-23 09:37:34  INFO com.ersproject.dao.ReimDAOImpl:260 view reimbursement recored completed
2021-05-23 09:37:38  INFO com.ersproject.dao.ReimDAOImpl:189 view reimbursement recored invoked
2021-05-23 09:37:39  INFO com.ersproject.dao.ReimDAOImpl:223 view reimbursement recored completed
2021-05-23 09:37:52  INFO com.ersproject.dao.ReimDAOImpl:149 view individual reimbursement recored invoked
2021-05-23 09:37:53  INFO com.ersproject.dao.ReimDAOImpl:182 view individual reimbursement recored completed
2021-05-23 09:38:18  INFO com.ersproject.dao.ReimDAOImpl:229 view reimbursement recored invoked
2021-05-23 09:38:18  INFO com.ersproject.dao.ReimDAOImpl:260 view reimbursement recored completed
2021-05-23 09:38:23  INFO com.ersproject.dao.ReimDAOImpl:189 view reimbursement recored invoked
2021-05-23 09:38:23  INFO com.ersproject.dao.ReimDAOImpl:223 view reimbursement recored completed
2021-05-23 09:38:56  INFO com.ersproject.dao.UserDAOImpl:99 view personal information invoked
2021-05-23 09:38:57  INFO com.ersproject.dao.UserDAOImpl:122 list all users completed
2021-05-23 09:45:45  INFO com.ersproject.dao.ReimDAOImpl:229 view reimbursement recored invoked
2021-05-23 09:45:46  INFO com.ersproject.dao.ReimDAOImpl:260 view reimbursement recored completed
2021-05-23 09:45:49  INFO com.ersproject.dao.ReimDAOImpl:189 view reimbursement recored invoked
2021-05-23 09:45:49  INFO com.ersproject.dao.ReimDAOImpl:223 view reimbursement recored completed
2021-05-23 09:45:55  INFO com.ersproject.dao.ReimDAOImpl:149 view individual reimbursement recored invoked
2021-05-23 09:45:56  INFO com.ersproject.dao.ReimDAOImpl:182 view individual reimbursement recored completed
2021-05-23 09:47:29  INFO com.ersproject.dao.ReimDAOImpl:229 view reimbursement recored invoked
2021-05-23 09:47:30  INFO com.ersproject.dao.ReimDAOImpl:260 view reimbursement recored completed
2021-05-23 09:47:33  INFO com.ersproject.dao.ReimDAOImpl:189 view reimbursement recored invoked
2021-05-23 09:47:33  INFO com.ersproject.dao.ReimDAOImpl:223 view reimbursement recored completed
2021-05-23 09:47:37  INFO com.ersproject.dao.ReimDAOImpl:149 view individual reimbursement recored invoked
2021-05-23 09:47:38  INFO com.ersproject.dao.ReimDAOImpl:182 view individual reimbursement recored completed
2021-05-23 09:48:49  INFO com.ersproject.dao.ReimDAOImpl:149 view individual reimbursement recored invoked
2021-05-23 09:48:50  INFO com.ersproject.dao.ReimDAOImpl:182 view individual reimbursement recored completed
2021-05-23 10:19:14  INFO com.ersproject.dao.UserDAOImpl:23 validate login invoked!
2021-05-23 10:19:15  INFO com.ersproject.dao.UserDAOImpl:42 validate login completed
2021-05-23 10:19:15  INFO com.ersproject.dao.UserDAOImpl:48 view personal information invoked
2021-05-23 10:19:16  INFO com.ersproject.dao.UserDAOImpl:71 view personal information completed
2021-05-23 10:19:23  INFO com.ersproject.dao.UserDAOImpl:48 view personal information invoked
2021-05-23 10:19:23  INFO com.ersproject.dao.UserDAOImpl:71 view personal information completed
2021-05-23 10:19:39  INFO com.ersproject.dao.UserDAOImpl:77 update personal information invoked
2021-05-23 10:19:39  INFO com.ersproject.dao.UserDAOImpl:93 update personal information completed
2021-05-23 10:19:42  INFO com.ersproject.dao.UserDAOImpl:48 view personal information invoked
2021-05-23 10:19:42  INFO com.ersproject.dao.UserDAOImpl:71 view personal information completed
2021-05-23 10:20:17  INFO com.ersproject.dao.ReimDAOImpl:52 view reimbursement recored invoked
2021-05-23 10:20:18  INFO com.ersproject.dao.ReimDAOImpl:79 view reimbursement recored completed
2021-05-23 10:20:21  INFO com.ersproject.dao.ReimDAOImpl:52 view reimbursement recored invoked
2021-05-23 10:20:21  INFO com.ersproject.dao.ReimDAOImpl:79 view reimbursement recored completed
2021-05-23 10:20:29  INFO com.ersproject.dao.ReimDAOImpl:52 view reimbursement recored invoked
2021-05-23 10:20:29  INFO com.ersproject.dao.ReimDAOImpl:79 view reimbursement recored completed
2021-05-23 10:21:05  INFO com.ersproject.dao.ReimDAOImpl:85 get reimbursement type id invoked
2021-05-23 10:21:06  INFO com.ersproject.dao.ReimDAOImpl:28 submit reimbursement request method invoked
2021-05-23 10:21:06  INFO com.ersproject.dao.ReimDAOImpl:46 submit reimbursement request method completed
2021-05-23 10:35:28  INFO com.ersproject.dao.UserDAOImpl:23 validate login invoked!
2021-05-23 10:35:29  INFO com.ersproject.dao.UserDAOImpl:42 validate login completed
2021-05-23 12:47:02  INFO com.ersproject.dao.ReimDAOImpl:28 submit reimbursement request method invoked
2021-05-23 12:48:06  INFO com.ersproject.dao.ReimDAOImpl:28 submit reimbursement request method invoked
2021-05-23 20:20:15  INFO com.ersproject.dao.UserDAOImpl:23 validate login invoked!
2021-05-23 20:20:16  INFO com.ersproject.dao.UserDAOImpl:42 validate login completed
2021-05-23 20:20:16  INFO com.ersproject.dao.UserDAOImpl:48 view personal information invoked
2021-05-23 20:20:16  INFO com.ersproject.dao.UserDAOImpl:71 view personal information completed
2021-05-23 20:20:33  INFO com.ersproject.dao.UserDAOImpl:48 view personal information invoked
2021-05-23 20:20:33  INFO com.ersproject.dao.UserDAOImpl:71 view personal information completed
2021-05-23 20:20:43  INFO com.ersproject.dao.UserDAOImpl:77 update personal information invoked
2021-05-23 20:20:44  INFO com.ersproject.dao.UserDAOImpl:93 update personal information completed
2021-05-23 20:20:46  INFO com.ersproject.dao.UserDAOImpl:48 view personal information invoked
2021-05-23 20:20:46  INFO com.ersproject.dao.UserDAOImpl:71 view personal information completed
2021-05-23 20:20:57  INFO com.ersproject.dao.UserDAOImpl:77 update personal information invoked
2021-05-23 20:20:57  INFO com.ersproject.dao.UserDAOImpl:93 update personal information completed
2021-05-23 20:21:27  INFO com.ersproject.dao.UserDAOImpl:23 validate login invoked!
2021-05-23 20:21:28  INFO com.ersproject.dao.UserDAOImpl:42 validate login completed
2021-05-23 20:21:28  INFO com.ersproject.dao.UserDAOImpl:48 view personal information invoked
2021-05-23 20:21:29  INFO com.ersproject.dao.UserDAOImpl:71 view personal information completed
2021-05-23 20:21:34  INFO com.ersproject.dao.ReimDAOImpl:52 view reimbursement recored invoked
2021-05-23 20:21:34  INFO com.ersproject.dao.ReimDAOImpl:79 view reimbursement recored completed
2021-05-23 20:21:38  INFO com.ersproject.dao.ReimDAOImpl:52 view reimbursement recored invoked
2021-05-23 20:21:39  INFO com.ersproject.dao.ReimDAOImpl:79 view reimbursement recored completed
2021-05-23 20:21:41  INFO com.ersproject.dao.ReimDAOImpl:52 view reimbursement recored invoked
2021-05-23 20:21:41  INFO com.ersproject.dao.ReimDAOImpl:79 view reimbursement recored completed
2021-05-23 20:21:44  INFO com.ersproject.dao.ReimDAOImpl:52 view reimbursement recored invoked
2021-05-23 20:21:45  INFO com.ersproject.dao.ReimDAOImpl:79 view reimbursement recored completed
2021-05-23 20:21:48  INFO com.ersproject.dao.ReimDAOImpl:52 view reimbursement recored invoked
2021-05-23 20:21:48  INFO com.ersproject.dao.ReimDAOImpl:79 view reimbursement recored completed
2021-05-23 20:21:49  INFO com.ersproject.dao.ReimDAOImpl:52 view reimbursement recored invoked
2021-05-23 20:21:50  INFO com.ersproject.dao.ReimDAOImpl:79 view reimbursement recored completed
2021-05-23 20:22:17  INFO com.ersproject.dao.ReimDAOImpl:85 get reimbursement type id invoked
2021-05-23 20:22:17  INFO com.ersproject.dao.ReimDAOImpl:28 submit reimbursement request method invoked
2021-05-23 20:22:18  INFO com.ersproject.dao.ReimDAOImpl:46 submit reimbursement request method completed
2021-05-23 20:22:20  INFO com.ersproject.dao.ReimDAOImpl:52 view reimbursement recored invoked
2021-05-23 20:22:20  INFO com.ersproject.dao.ReimDAOImpl:79 view reimbursement recored completed
2021-05-23 20:22:50  INFO com.ersproject.dao.ReimDAOImpl:85 get reimbursement type id invoked
2021-05-23 20:22:50  INFO com.ersproject.dao.ReimDAOImpl:28 submit reimbursement request method invoked
2021-05-23 20:22:51  INFO com.ersproject.dao.ReimDAOImpl:46 submit reimbursement request method completed
2021-05-23 20:23:03  INFO com.ersproject.dao.UserDAOImpl:23 validate login invoked!
2021-05-23 20:23:03  INFO com.ersproject.dao.UserDAOImpl:42 validate login completed
2021-05-23 20:23:03  INFO com.ersproject.dao.UserDAOImpl:48 view personal information invoked
2021-05-23 20:23:03  INFO com.ersproject.dao.UserDAOImpl:71 view personal information completed
2021-05-23 20:23:06  INFO com.ersproject.dao.UserDAOImpl:99 view personal information invoked
2021-05-23 20:23:06  INFO com.ersproject.dao.UserDAOImpl:122 list all users completed
2021-05-23 20:23:15  INFO com.ersproject.dao.ReimDAOImpl:189 view reimbursement recored invoked
2021-05-23 20:23:15  INFO com.ersproject.dao.ReimDAOImpl:223 view reimbursement recored completed
2021-05-23 20:23:26  INFO com.ersproject.dao.ReimDAOImpl:229 view reimbursement recored invoked
2021-05-23 20:23:26  INFO com.ersproject.dao.ReimDAOImpl:260 view reimbursement recored completed
2021-05-23 20:23:42  INFO com.ersproject.dao.ReimDAOImpl:127 reject reimbursement method invoked
2021-05-23 20:23:43  INFO com.ersproject.dao.ReimDAOImpl:143 reject reimbursement method completed
2021-05-23 20:23:45  INFO com.ersproject.dao.ReimDAOImpl:229 view reimbursement recored invoked
2021-05-23 20:23:46  INFO com.ersproject.dao.ReimDAOImpl:260 view reimbursement recored completed
2021-05-23 20:23:49  INFO com.ersproject.dao.ReimDAOImpl:189 view reimbursement recored invoked
2021-05-23 20:23:50  INFO com.ersproject.dao.ReimDAOImpl:223 view reimbursement recored completed
2021-05-23 20:24:03  INFO com.ersproject.dao.ReimDAOImpl:149 view individual reimbursement recored invoked
2021-05-23 20:24:03  INFO com.ersproject.dao.ReimDAOImpl:182 view individual reimbursement recored completed
